default:
python3 run_single_ctest.py org.apache.hadoop.hdfs.server.federation.resolver.TestInitializeMountTableResolver#testDefaultNameserviceIsMissing dfs.federation.router.mount-table.max-cache-size=10000
>>>>[ctest_core] loading mapping ../generate_mapping/results/hadoop-hdfs-rbf/param_unset_getter_map.json
>>>>[ctest_core] loading mapping ../generate_mapping/results/hadoop-hdfs-rbf/param_unset_getter_map.json
>>>>[ctest_core] running project hadoop-hdfs-rbf
>>>>[ctest_core] # parameters associated with the run: 1
>>>>[ctest_core] start running ctests for 1 parameters
>>>>[ctest_core] splitting into 1 ctest group
>>>>[ctest_core] group 0, tested_params: dfs.federation.router.mount-table.max-cache-size, group size: 1
>>>>[ctest_core] injecting dfs.federation.router.mount-table.max-cache-size with value 10000
>>>>[ctest_core] injecting into file: /home/zixi2/IDoCT-F/run_ctest/../../hadoop/hadoop-hdfs-project/hadoop-hdfs-rbf/target/classes/core-ctest.xml
>>>>[ctest_core] running group 0 where 1 params shares 1 ctests
>>>>[ctest_core] chdir to /home/zixi2/IDoCT-F/run_ctest/../../hadoop/hadoop-hdfs-project/hadoop-hdfs-rbf
>>>>[ctest_core] command: mvn surefire:test -Dtest=org.apache.hadoop.hdfs.server.federation.resolver.TestInitializeMountTableResolver#testDefaultNameserviceIsMissing,
>>>>[ctest_core] chdir to /home/zixi2/IDoCT-F/run_ctest/run_ctest
[INFO] Scanning for projects...
[INFO] ------------------------------------------------------------------------
[INFO] Detecting the operating system and CPU architecture
[INFO] ------------------------------------------------------------------------
[INFO] os.detected.name: linux
[INFO] os.detected.arch: x86_64
[INFO] os.detected.bitness: 64
[INFO] os.detected.version: 5.4
[INFO] os.detected.version.major: 5
[INFO] os.detected.version.minor: 4
[INFO] os.detected.release: ubuntu
[INFO] os.detected.release.version: 20.04
[INFO] os.detected.release.like.ubuntu: true
[INFO] os.detected.release.like.debian: true
[INFO] os.detected.classifier: linux-x86_64
[INFO] 
[INFO] -----------------< org.apache.hadoop:hadoop-hdfs-rbf >------------------
[INFO] Building Apache Hadoop HDFS-RBF 3.4.0-SNAPSHOT
[INFO] --------------------------------[ jar ]---------------------------------
[INFO] 
[INFO] --- maven-surefire-plugin:3.0.0-M1:test (default-cli) @ hadoop-hdfs-rbf ---
[INFO] 
[INFO] -------------------------------------------------------
[INFO]  T E S T S
[INFO] -------------------------------------------------------
[INFO] 
[INFO] Results:
[INFO] 
[INFO] Tests run: 0, Failures: 0, Errors: 0, Skipped: 0
[INFO] 
[INFO] ------------------------------------------------------------------------
[INFO] BUILD FAILURE
[INFO] ------------------------------------------------------------------------
[INFO] Total time:  3.737 s
[INFO] Finished at: 2022-11-03T18:39:16-05:00
[INFO] ------------------------------------------------------------------------
[ERROR] Failed to execute goal org.apache.maven.plugins:maven-surefire-plugin:3.0.0-M1:test (default-cli) on project hadoop-hdfs-rbf: Execution default-cli of goal org.apache.maven.plugins:maven-surefire-plugin:3.0.0-M1:test failed: java.lang.UnsupportedClassVersionError: org/apache/hadoop/hdfs/server/federation/resolver/TestInitializeMountTableResolver has been compiled by a more recent version of the Java Runtime (class file version 55.0), this version of the Java Runtime only recognizes class file versions up to 52.0 -> [Help 1]
[ERROR] 
[ERROR] To see the full stack trace of the errors, re-run Maven with the -e switch.
[ERROR] Re-run Maven using the -X switch to enable full debug logging.
[ERROR] 
[ERROR] For more information about the errors and possible solutions, please read the following articles:
[ERROR] [Help 1] http://cwiki.apache.org/confluence/display/MAVEN/PluginExecutionException

>>>>[ctest_core] surefire report path: /home/zixi2/IDoCT-F/run_ctest/../../hadoop/hadoop-hdfs-project/hadoop-hdfs-rbf/target/surefire-reports/TEST-org.apache.hadoop.hdfs.server.federation.resolver.TestInitializeMountTableResolver.xml
>>>>[ctest_core] test class outcome: {'{http://www.w3.org/2001/XMLSchema-instance}noNamespaceSchemaLocation': 'https://maven.apache.org/surefire/maven-surefire-plugin/xsd/surefire-test-report.xsd', 'name': 'org.apache.hadoop.hdfs.server.federation.resolver.TestInitializeMountTableResolver', 'time': '0.54', 'tests': '1', 'errors': '0', 'skipped': '0', 'failures': '0'}
>>>>[ctest_core] unit test outcome: {'name': 'testDefaultNameserviceIsMissing', 'classname': 'org.apache.hadoop.hdfs.server.federation.resolver.TestInitializeMountTableResolver', 'time': '0.395'}
>>>>[ctest_core] result to be return:
org.apache.hadoop.hdfs.server.federation.resolver.TestInitializeMountTableResolver#testDefaultNameserviceIsMissing with running time 0.395 passed
>>>>[ctest_core] chdir to /home/zixi2/IDoCT-F/run_ctest/run_ctest
>>>>[ctest_core] python-timed for running config file: 5.851322650909424
>>>> cleaning injected configuration from file
>>>>[ctest_core] The single ctest PASS
>>>>[ctest_core] total time: 5.855405330657959 seconds


python3 run_single_ctest.py org.apache.hadoop.hdfs.server.federation.resolver.TestInitializeMountTableResolver#testDefaultNameserviceIsMissing dfs.federation.router.mount-table.max-cache-size=10
>>>>[ctest_core] loading mapping ../generate_mapping/results/hadoop-hdfs-rbf/param_unset_getter_map.json
>>>>[ctest_core] loading mapping ../generate_mapping/results/hadoop-hdfs-rbf/param_unset_getter_map.json
>>>>[ctest_core] running project hadoop-hdfs-rbf
>>>>[ctest_core] # parameters associated with the run: 1
>>>>[ctest_core] start running ctests for 1 parameters
>>>>[ctest_core] splitting into 1 ctest group
>>>>[ctest_core] group 0, tested_params: dfs.federation.router.mount-table.max-cache-size, group size: 1
>>>>[ctest_core] injecting dfs.federation.router.mount-table.max-cache-size with value 10
>>>>[ctest_core] injecting into file: /home/zixi2/IDoCT-F/run_ctest/../../hadoop/hadoop-hdfs-project/hadoop-hdfs-rbf/target/classes/core-ctest.xml
>>>>[ctest_core] running group 0 where 1 params shares 1 ctests
>>>>[ctest_core] chdir to /home/zixi2/IDoCT-F/run_ctest/../../hadoop/hadoop-hdfs-project/hadoop-hdfs-rbf
>>>>[ctest_core] command: mvn surefire:test -Dtest=org.apache.hadoop.hdfs.server.federation.resolver.TestInitializeMountTableResolver#testDefaultNameserviceIsMissing,
>>>>[ctest_core] chdir to /home/zixi2/IDoCT-F/run_ctest/run_ctest
[INFO] Scanning for projects...
[INFO] ------------------------------------------------------------------------
[INFO] Detecting the operating system and CPU architecture
[INFO] ------------------------------------------------------------------------
[INFO] os.detected.name: linux
[INFO] os.detected.arch: x86_64
[INFO] os.detected.bitness: 64
[INFO] os.detected.version: 5.4
[INFO] os.detected.version.major: 5
[INFO] os.detected.version.minor: 4
[INFO] os.detected.release: ubuntu
[INFO] os.detected.release.version: 20.04
[INFO] os.detected.release.like.ubuntu: true
[INFO] os.detected.release.like.debian: true
[INFO] os.detected.classifier: linux-x86_64
[INFO] 
[INFO] -----------------< org.apache.hadoop:hadoop-hdfs-rbf >------------------
[INFO] Building Apache Hadoop HDFS-RBF 3.4.0-SNAPSHOT
[INFO] --------------------------------[ jar ]---------------------------------
[INFO] 
[INFO] --- maven-surefire-plugin:3.0.0-M1:test (default-cli) @ hadoop-hdfs-rbf ---
[INFO] 
[INFO] -------------------------------------------------------
[INFO]  T E S T S
[INFO] -------------------------------------------------------
[INFO] Running org.apache.hadoop.hdfs.server.federation.resolver.TestInitializeMountTableResolver
[INFO] Tests run: 1, Failures: 0, Errors: 0, Skipped: 0, Time elapsed: 0.31 s - in org.apache.hadoop.hdfs.server.federation.resolver.TestInitializeMountTableResolver
[INFO] testDefaultNameserviceIsMissing(org.apache.hadoop.hdfs.server.federation.resolver.TestInitializeMountTableResolver)  Time elapsed: 0.217 s
[INFO] 
[INFO] Results:
[INFO] 
[INFO] Tests run: 1, Failures: 0, Errors: 0, Skipped: 0
[INFO] 
[INFO] ------------------------------------------------------------------------
[INFO] BUILD SUCCESS
[INFO] ------------------------------------------------------------------------
[INFO] Total time:  3.578 s
[INFO] Finished at: 2022-11-03T18:47:33-05:00
[INFO] ------------------------------------------------------------------------

>>>>[ctest_core] surefire report path: /home/zixi2/IDoCT-F/run_ctest/../../hadoop/hadoop-hdfs-project/hadoop-hdfs-rbf/target/surefire-reports/TEST-org.apache.hadoop.hdfs.server.federation.resolver.TestInitializeMountTableResolver.xml
>>>>[ctest_core] test class outcome: {'{http://www.w3.org/2001/XMLSchema-instance}noNamespaceSchemaLocation': 'https://maven.apache.org/surefire/maven-surefire-plugin/xsd/surefire-test-report.xsd', 'name': 'org.apache.hadoop.hdfs.server.federation.resolver.TestInitializeMountTableResolver', 'time': '0.31', 'tests': '1', 'errors': '0', 'skipped': '0', 'failures': '0'}
>>>>[ctest_core] unit test outcome: {'name': 'testDefaultNameserviceIsMissing', 'classname': 'org.apache.hadoop.hdfs.server.federation.resolver.TestInitializeMountTableResolver', 'time': '0.217'}
>>>>[ctest_core] result to be return:
org.apache.hadoop.hdfs.server.federation.resolver.TestInitializeMountTableResolver#testDefaultNameserviceIsMissing with running time 0.217 passed
>>>>[ctest_core] chdir to /home/zixi2/IDoCT-F/run_ctest/run_ctest
>>>>[ctest_core] python-timed for running config file: 5.157900094985962
>>>> cleaning injected configuration from file
>>>>[ctest_core] The single ctest PASS
>>>>[ctest_core] total time: 5.1583006381988525 seconds


python3 run_single_ctest.py org.apache.hadoop.hdfs.server.federation.resolver.TestInitializeMountTableResolver#testDefaultNameserviceIsMissing dfs.federation.router.mount-table.max-cache-size=0
>>>>[ctest_core] loading mapping ../generate_mapping/results/hadoop-hdfs-rbf/param_unset_getter_map.json
>>>>[ctest_core] loading mapping ../generate_mapping/results/hadoop-hdfs-rbf/param_unset_getter_map.json
>>>>[ctest_core] running project hadoop-hdfs-rbf
>>>>[ctest_core] # parameters associated with the run: 1
>>>>[ctest_core] start running ctests for 1 parameters
>>>>[ctest_core] splitting into 1 ctest group
>>>>[ctest_core] group 0, tested_params: dfs.federation.router.mount-table.max-cache-size, group size: 1
>>>>[ctest_core] injecting dfs.federation.router.mount-table.max-cache-size with value 0
>>>>[ctest_core] injecting into file: /home/zixi2/IDoCT-F/run_ctest/../../hadoop/hadoop-hdfs-project/hadoop-hdfs-rbf/target/classes/core-ctest.xml
>>>>[ctest_core] running group 0 where 1 params shares 1 ctests
>>>>[ctest_core] chdir to /home/zixi2/IDoCT-F/run_ctest/../../hadoop/hadoop-hdfs-project/hadoop-hdfs-rbf
>>>>[ctest_core] command: mvn surefire:test -Dtest=org.apache.hadoop.hdfs.server.federation.resolver.TestInitializeMountTableResolver#testDefaultNameserviceIsMissing,
>>>>[ctest_core] chdir to /home/zixi2/IDoCT-F/run_ctest/run_ctest
[INFO] Scanning for projects...
[INFO] ------------------------------------------------------------------------
[INFO] Detecting the operating system and CPU architecture
[INFO] ------------------------------------------------------------------------
[INFO] os.detected.name: linux
[INFO] os.detected.arch: x86_64
[INFO] os.detected.bitness: 64
[INFO] os.detected.version: 5.4
[INFO] os.detected.version.major: 5
[INFO] os.detected.version.minor: 4
[INFO] os.detected.release: ubuntu
[INFO] os.detected.release.version: 20.04
[INFO] os.detected.release.like.ubuntu: true
[INFO] os.detected.release.like.debian: true
[INFO] os.detected.classifier: linux-x86_64
[INFO] 
[INFO] -----------------< org.apache.hadoop:hadoop-hdfs-rbf >------------------
[INFO] Building Apache Hadoop HDFS-RBF 3.4.0-SNAPSHOT
[INFO] --------------------------------[ jar ]---------------------------------
[INFO] 
[INFO] --- maven-surefire-plugin:3.0.0-M1:test (default-cli) @ hadoop-hdfs-rbf ---
[INFO] 
[INFO] -------------------------------------------------------
[INFO]  T E S T S
[INFO] -------------------------------------------------------
[INFO] Running org.apache.hadoop.hdfs.server.federation.resolver.TestInitializeMountTableResolver
[INFO] Tests run: 1, Failures: 0, Errors: 0, Skipped: 0, Time elapsed: 0.318 s - in org.apache.hadoop.hdfs.server.federation.resolver.TestInitializeMountTableResolver
[INFO] testDefaultNameserviceIsMissing(org.apache.hadoop.hdfs.server.federation.resolver.TestInitializeMountTableResolver)  Time elapsed: 0.193 s
[INFO] 
[INFO] Results:
[INFO] 
[INFO] Tests run: 1, Failures: 0, Errors: 0, Skipped: 0
[INFO] 
[INFO] ------------------------------------------------------------------------
[INFO] BUILD SUCCESS
[INFO] ------------------------------------------------------------------------
[INFO] Total time:  3.575 s
[INFO] Finished at: 2022-11-03T18:48:26-05:00
[INFO] ------------------------------------------------------------------------

>>>>[ctest_core] surefire report path: /home/zixi2/IDoCT-F/run_ctest/../../hadoop/hadoop-hdfs-project/hadoop-hdfs-rbf/target/surefire-reports/TEST-org.apache.hadoop.hdfs.server.federation.resolver.TestInitializeMountTableResolver.xml
>>>>[ctest_core] test class outcome: {'{http://www.w3.org/2001/XMLSchema-instance}noNamespaceSchemaLocation': 'https://maven.apache.org/surefire/maven-surefire-plugin/xsd/surefire-test-report.xsd', 'name': 'org.apache.hadoop.hdfs.server.federation.resolver.TestInitializeMountTableResolver', 'time': '0.318', 'tests': '1', 'errors': '0', 'skipped': '0', 'failures': '0'}
>>>>[ctest_core] unit test outcome: {'name': 'testDefaultNameserviceIsMissing', 'classname': 'org.apache.hadoop.hdfs.server.federation.resolver.TestInitializeMountTableResolver', 'time': '0.193'}
>>>>[ctest_core] result to be return:
org.apache.hadoop.hdfs.server.federation.resolver.TestInitializeMountTableResolver#testDefaultNameserviceIsMissing with running time 0.193 passed
>>>>[ctest_core] chdir to /home/zixi2/IDoCT-F/run_ctest/run_ctest
>>>>[ctest_core] python-timed for running config file: 4.965469598770142
>>>> cleaning injected configuration from file
>>>>[ctest_core] The single ctest PASS
>>>>[ctest_core] total time: 4.966116428375244 seconds


python3 run_single_ctest.py org.apache.hadoop.hdfs.server.federation.resolver.TestInitializeMountTableResolver#testDefaultNameserviceIsMissing dfs.federation.router.mount-table.max-cache-size=-10000
>>>>[ctest_core] loading mapping ../generate_mapping/results/hadoop-hdfs-rbf/param_unset_getter_map.json
>>>>[ctest_core] loading mapping ../generate_mapping/results/hadoop-hdfs-rbf/param_unset_getter_map.json
>>>>[ctest_core] running project hadoop-hdfs-rbf
>>>>[ctest_core] # parameters associated with the run: 1
>>>>[ctest_core] start running ctests for 1 parameters
>>>>[ctest_core] splitting into 1 ctest group
>>>>[ctest_core] group 0, tested_params: dfs.federation.router.mount-table.max-cache-size, group size: 1
>>>>[ctest_core] injecting dfs.federation.router.mount-table.max-cache-size with value -10000
>>>>[ctest_core] injecting into file: /home/zixi2/IDoCT-F/run_ctest/../../hadoop/hadoop-hdfs-project/hadoop-hdfs-rbf/target/classes/core-ctest.xml
>>>>[ctest_core] running group 0 where 1 params shares 1 ctests
>>>>[ctest_core] chdir to /home/zixi2/IDoCT-F/run_ctest/../../hadoop/hadoop-hdfs-project/hadoop-hdfs-rbf
>>>>[ctest_core] command: mvn surefire:test -Dtest=org.apache.hadoop.hdfs.server.federation.resolver.TestInitializeMountTableResolver#testDefaultNameserviceIsMissing,
>>>>[ctest_core] chdir to /home/zixi2/IDoCT-F/run_ctest/run_ctest
[INFO] Scanning for projects...
[INFO] ------------------------------------------------------------------------
[INFO] Detecting the operating system and CPU architecture
[INFO] ------------------------------------------------------------------------
[INFO] os.detected.name: linux
[INFO] os.detected.arch: x86_64
[INFO] os.detected.bitness: 64
[INFO] os.detected.version: 5.4
[INFO] os.detected.version.major: 5
[INFO] os.detected.version.minor: 4
[INFO] os.detected.release: ubuntu
[INFO] os.detected.release.version: 20.04
[INFO] os.detected.release.like.ubuntu: true
[INFO] os.detected.release.like.debian: true
[INFO] os.detected.classifier: linux-x86_64
[INFO] 
[INFO] -----------------< org.apache.hadoop:hadoop-hdfs-rbf >------------------
[INFO] Building Apache Hadoop HDFS-RBF 3.4.0-SNAPSHOT
[INFO] --------------------------------[ jar ]---------------------------------
[INFO] 
[INFO] --- maven-surefire-plugin:3.0.0-M1:test (default-cli) @ hadoop-hdfs-rbf ---
[INFO] 
[INFO] -------------------------------------------------------
[INFO]  T E S T S
[INFO] -------------------------------------------------------
[INFO] Running org.apache.hadoop.hdfs.server.federation.resolver.TestInitializeMountTableResolver
[INFO] Tests run: 1, Failures: 0, Errors: 0, Skipped: 0, Time elapsed: 0.298 s - in org.apache.hadoop.hdfs.server.federation.resolver.TestInitializeMountTableResolver
[INFO] testDefaultNameserviceIsMissing(org.apache.hadoop.hdfs.server.federation.resolver.TestInitializeMountTableResolver)  Time elapsed: 0.2 s
[INFO] 
[INFO] Results:
[INFO] 
[INFO] Tests run: 1, Failures: 0, Errors: 0, Skipped: 0
[INFO] 
[INFO] ------------------------------------------------------------------------
[INFO] BUILD SUCCESS
[INFO] ------------------------------------------------------------------------
[INFO] Total time:  3.704 s
[INFO] Finished at: 2022-11-03T18:48:53-05:00
[INFO] ------------------------------------------------------------------------

>>>>[ctest_core] surefire report path: /home/zixi2/IDoCT-F/run_ctest/../../hadoop/hadoop-hdfs-project/hadoop-hdfs-rbf/target/surefire-reports/TEST-org.apache.hadoop.hdfs.server.federation.resolver.TestInitializeMountTableResolver.xml
>>>>[ctest_core] test class outcome: {'{http://www.w3.org/2001/XMLSchema-instance}noNamespaceSchemaLocation': 'https://maven.apache.org/surefire/maven-surefire-plugin/xsd/surefire-test-report.xsd', 'name': 'org.apache.hadoop.hdfs.server.federation.resolver.TestInitializeMountTableResolver', 'time': '0.298', 'tests': '1', 'errors': '0', 'skipped': '0', 'failures': '0'}
>>>>[ctest_core] unit test outcome: {'name': 'testDefaultNameserviceIsMissing', 'classname': 'org.apache.hadoop.hdfs.server.federation.resolver.TestInitializeMountTableResolver', 'time': '0.2'}
>>>>[ctest_core] result to be return:
org.apache.hadoop.hdfs.server.federation.resolver.TestInitializeMountTableResolver#testDefaultNameserviceIsMissing with running time 0.2 passed
>>>>[ctest_core] chdir to /home/zixi2/IDoCT-F/run_ctest/run_ctest
>>>>[ctest_core] python-timed for running config file: 5.205865859985352
>>>> cleaning injected configuration from file
>>>>[ctest_core] The single ctest PASS
>>>>[ctest_core] total time: 5.206420183181763 seconds










default:
python3 run_single_ctest.py org.apache.hadoop.hdfs.server.federation.resolver.TestInitializeMountTableResolver#testDefaultNameserviceIsMissing dfs.federation.router.default.nameserviceId=
>>>>[ctest_core] loading mapping ../generate_mapping/results/hadoop-hdfs-rbf/param_unset_getter_map.json
>>>>[ctest_core] loading mapping ../generate_mapping/results/hadoop-hdfs-rbf/param_unset_getter_map.json
>>>>[ctest_core] running project hadoop-hdfs-rbf
>>>>[ctest_core] # parameters associated with the run: 1
>>>>[ctest_core] start running ctests for 1 parameters
>>>>[ctest_core] splitting into 1 ctest group
>>>>[ctest_core] group 0, tested_params: dfs.federation.router.default.nameserviceId, group size: 1
>>>>[ctest_core] injecting dfs.federation.router.default.nameserviceId with value 
>>>>[ctest_core] injecting into file: /home/zixi2/IDoCT-F/run_ctest/../../hadoop/hadoop-hdfs-project/hadoop-hdfs-rbf/target/classes/core-ctest.xml
>>>>[ctest_core] running group 0 where 1 params shares 1 ctests
>>>>[ctest_core] chdir to /home/zixi2/IDoCT-F/run_ctest/../../hadoop/hadoop-hdfs-project/hadoop-hdfs-rbf
>>>>[ctest_core] command: mvn surefire:test -Dtest=org.apache.hadoop.hdfs.server.federation.resolver.TestInitializeMountTableResolver#testDefaultNameserviceIsMissing,
>>>>[ctest_core] chdir to /home/zixi2/IDoCT-F/run_ctest/run_ctest
[INFO] Scanning for projects...
[INFO] ------------------------------------------------------------------------
[INFO] Detecting the operating system and CPU architecture
[INFO] ------------------------------------------------------------------------
[INFO] os.detected.name: linux
[INFO] os.detected.arch: x86_64
[INFO] os.detected.bitness: 64
[INFO] os.detected.version: 5.4
[INFO] os.detected.version.major: 5
[INFO] os.detected.version.minor: 4
[INFO] os.detected.release: ubuntu
[INFO] os.detected.release.version: 20.04
[INFO] os.detected.release.like.ubuntu: true
[INFO] os.detected.release.like.debian: true
[INFO] os.detected.classifier: linux-x86_64
[INFO] 
[INFO] -----------------< org.apache.hadoop:hadoop-hdfs-rbf >------------------
[INFO] Building Apache Hadoop HDFS-RBF 3.4.0-SNAPSHOT
[INFO] --------------------------------[ jar ]---------------------------------
[INFO] 
[INFO] --- maven-surefire-plugin:3.0.0-M1:test (default-cli) @ hadoop-hdfs-rbf ---
[INFO] 
[INFO] -------------------------------------------------------
[INFO]  T E S T S
[INFO] -------------------------------------------------------
[INFO] Running org.apache.hadoop.hdfs.server.federation.resolver.TestInitializeMountTableResolver
[INFO] Tests run: 1, Failures: 0, Errors: 0, Skipped: 0, Time elapsed: 0.324 s - in org.apache.hadoop.hdfs.server.federation.resolver.TestInitializeMountTableResolver
[INFO] testDefaultNameserviceIsMissing(org.apache.hadoop.hdfs.server.federation.resolver.TestInitializeMountTableResolver)  Time elapsed: 0.205 s
[INFO] 
[INFO] Results:
[INFO] 
[INFO] Tests run: 1, Failures: 0, Errors: 0, Skipped: 0
[INFO] 
[INFO] ------------------------------------------------------------------------
[INFO] BUILD SUCCESS
[INFO] ------------------------------------------------------------------------
[INFO] Total time:  3.429 s
[INFO] Finished at: 2022-11-03T18:50:09-05:00
[INFO] ------------------------------------------------------------------------

>>>>[ctest_core] surefire report path: /home/zixi2/IDoCT-F/run_ctest/../../hadoop/hadoop-hdfs-project/hadoop-hdfs-rbf/target/surefire-reports/TEST-org.apache.hadoop.hdfs.server.federation.resolver.TestInitializeMountTableResolver.xml
>>>>[ctest_core] test class outcome: {'{http://www.w3.org/2001/XMLSchema-instance}noNamespaceSchemaLocation': 'https://maven.apache.org/surefire/maven-surefire-plugin/xsd/surefire-test-report.xsd', 'name': 'org.apache.hadoop.hdfs.server.federation.resolver.TestInitializeMountTableResolver', 'time': '0.324', 'tests': '1', 'errors': '0', 'skipped': '0', 'failures': '0'}
>>>>[ctest_core] unit test outcome: {'name': 'testDefaultNameserviceIsMissing', 'classname': 'org.apache.hadoop.hdfs.server.federation.resolver.TestInitializeMountTableResolver', 'time': '0.205'}
>>>>[ctest_core] result to be return:
org.apache.hadoop.hdfs.server.federation.resolver.TestInitializeMountTableResolver#testDefaultNameserviceIsMissing with running time 0.205 passed
>>>>[ctest_core] chdir to /home/zixi2/IDoCT-F/run_ctest/run_ctest
>>>>[ctest_core] python-timed for running config file: 4.772819519042969
>>>> cleaning injected configuration from file
>>>>[ctest_core] The single ctest PASS
>>>>[ctest_core] total time: 4.7732579708099365 seconds


python3 run_single_ctest.py org.apache.hadoop.hdfs.server.federation.resolver.TestInitializeMountTableResolver#testDefaultNameserviceIsMissing dfs.federation.router.default.nameserviceId=100>>>>[ctest_core] loading mapping ../generate_mapping/results/hadoop-hdfs-rbf/param_unset_getter_map.json
>>>>[ctest_core] loading mapping ../generate_mapping/results/hadoop-hdfs-rbf/param_unset_getter_map.json
>>>>[ctest_core] running project hadoop-hdfs-rbf
>>>>[ctest_core] # parameters associated with the run: 1
>>>>[ctest_core] start running ctests for 1 parameters
>>>>[ctest_core] splitting into 1 ctest group
>>>>[ctest_core] group 0, tested_params: dfs.federation.router.default.nameserviceId, group size: 1
>>>>[ctest_core] injecting dfs.federation.router.default.nameserviceId with value 100
>>>>[ctest_core] injecting into file: /home/zixi2/IDoCT-F/run_ctest/../../hadoop/hadoop-hdfs-project/hadoop-hdfs-rbf/target/classes/core-ctest.xml
>>>>[ctest_core] running group 0 where 1 params shares 1 ctests
>>>>[ctest_core] chdir to /home/zixi2/IDoCT-F/run_ctest/../../hadoop/hadoop-hdfs-project/hadoop-hdfs-rbf
>>>>[ctest_core] command: mvn surefire:test -Dtest=org.apache.hadoop.hdfs.server.federation.resolver.TestInitializeMountTableResolver#testDefaultNameserviceIsMissing,
>>>>[ctest_core] chdir to /home/zixi2/IDoCT-F/run_ctest/run_ctest
[INFO] Scanning for projects...
[INFO] ------------------------------------------------------------------------
[INFO] Detecting the operating system and CPU architecture
[INFO] ------------------------------------------------------------------------
[INFO] os.detected.name: linux
[INFO] os.detected.arch: x86_64
[INFO] os.detected.bitness: 64
[INFO] os.detected.version: 5.4
[INFO] os.detected.version.major: 5
[INFO] os.detected.version.minor: 4
[INFO] os.detected.release: ubuntu
[INFO] os.detected.release.version: 20.04
[INFO] os.detected.release.like.ubuntu: true
[INFO] os.detected.release.like.debian: true
[INFO] os.detected.classifier: linux-x86_64
[INFO] 
[INFO] -----------------< org.apache.hadoop:hadoop-hdfs-rbf >------------------
[INFO] Building Apache Hadoop HDFS-RBF 3.4.0-SNAPSHOT
[INFO] --------------------------------[ jar ]---------------------------------
[INFO] 
[INFO] --- maven-surefire-plugin:3.0.0-M1:test (default-cli) @ hadoop-hdfs-rbf ---
[INFO] 
[INFO] -------------------------------------------------------
[INFO]  T E S T S
[INFO] -------------------------------------------------------
[INFO] Running org.apache.hadoop.hdfs.server.federation.resolver.TestInitializeMountTableResolver
[INFO] Tests run: 1, Failures: 0, Errors: 0, Skipped: 0, Time elapsed: 0.302 s - in org.apache.hadoop.hdfs.server.federation.resolver.TestInitializeMountTableResolver
[INFO] testDefaultNameserviceIsMissing(org.apache.hadoop.hdfs.server.federation.resolver.TestInitializeMountTableResolver)  Time elapsed: 0.186 s
[INFO] 
[INFO] Results:
[INFO] 
[INFO] Tests run: 1, Failures: 0, Errors: 0, Skipped: 0
[INFO] 
[INFO] ------------------------------------------------------------------------
[INFO] BUILD SUCCESS
[INFO] ------------------------------------------------------------------------
[INFO] Total time:  3.466 s
[INFO] Finished at: 2022-11-03T18:50:38-05:00
[INFO] ------------------------------------------------------------------------

>>>>[ctest_core] surefire report path: /home/zixi2/IDoCT-F/run_ctest/../../hadoop/hadoop-hdfs-project/hadoop-hdfs-rbf/target/surefire-reports/TEST-org.apache.hadoop.hdfs.server.federation.resolver.TestInitializeMountTableResolver.xml
>>>>[ctest_core] test class outcome: {'{http://www.w3.org/2001/XMLSchema-instance}noNamespaceSchemaLocation': 'https://maven.apache.org/surefire/maven-surefire-plugin/xsd/surefire-test-report.xsd', 'name': 'org.apache.hadoop.hdfs.server.federation.resolver.TestInitializeMountTableResolver', 'time': '0.302', 'tests': '1', 'errors': '0', 'skipped': '0', 'failures': '0'}
>>>>[ctest_core] unit test outcome: {'name': 'testDefaultNameserviceIsMissing', 'classname': 'org.apache.hadoop.hdfs.server.federation.resolver.TestInitializeMountTableResolver', 'time': '0.186'}
>>>>[ctest_core] result to be return:
org.apache.hadoop.hdfs.server.federation.resolver.TestInitializeMountTableResolver#testDefaultNameserviceIsMissing with running time 0.186 passed
>>>>[ctest_core] chdir to /home/zixi2/IDoCT-F/run_ctest/run_ctest
>>>>[ctest_core] python-timed for running config file: 4.753214359283447
>>>> cleaning injected configuration from file
>>>>[ctest_core] The single ctest PASS
>>>>[ctest_core] total time: 4.75393533706665 seconds


python3 run_single_ctest.py org.apache.hadoop.hdfs.server.federation.resolver.TestInitializeMountTableResolver#testDefaultNameserviceIsMissing dfs.federation.router.default.nameserviceId=-10000
>>>>[ctest_core] loading mapping ../generate_mapping/results/hadoop-hdfs-rbf/param_unset_getter_map.json
>>>>[ctest_core] loading mapping ../generate_mapping/results/hadoop-hdfs-rbf/param_unset_getter_map.json
>>>>[ctest_core] running project hadoop-hdfs-rbf
>>>>[ctest_core] # parameters associated with the run: 1
>>>>[ctest_core] start running ctests for 1 parameters
>>>>[ctest_core] splitting into 1 ctest group
>>>>[ctest_core] group 0, tested_params: dfs.federation.router.default.nameserviceId, group size: 1
>>>>[ctest_core] injecting dfs.federation.router.default.nameserviceId with value -10000
>>>>[ctest_core] injecting into file: /home/zixi2/IDoCT-F/run_ctest/../../hadoop/hadoop-hdfs-project/hadoop-hdfs-rbf/target/classes/core-ctest.xml
>>>>[ctest_core] running group 0 where 1 params shares 1 ctests
>>>>[ctest_core] chdir to /home/zixi2/IDoCT-F/run_ctest/../../hadoop/hadoop-hdfs-project/hadoop-hdfs-rbf
>>>>[ctest_core] command: mvn surefire:test -Dtest=org.apache.hadoop.hdfs.server.federation.resolver.TestInitializeMountTableResolver#testDefaultNameserviceIsMissing,
>>>>[ctest_core] chdir to /home/zixi2/IDoCT-F/run_ctest/run_ctest
[INFO] Scanning for projects...
[INFO] ------------------------------------------------------------------------
[INFO] Detecting the operating system and CPU architecture
[INFO] ------------------------------------------------------------------------
[INFO] os.detected.name: linux
[INFO] os.detected.arch: x86_64
[INFO] os.detected.bitness: 64
[INFO] os.detected.version: 5.4
[INFO] os.detected.version.major: 5
[INFO] os.detected.version.minor: 4
[INFO] os.detected.release: ubuntu
[INFO] os.detected.release.version: 20.04
[INFO] os.detected.release.like.ubuntu: true
[INFO] os.detected.release.like.debian: true
[INFO] os.detected.classifier: linux-x86_64
[INFO] 
[INFO] -----------------< org.apache.hadoop:hadoop-hdfs-rbf >------------------
[INFO] Building Apache Hadoop HDFS-RBF 3.4.0-SNAPSHOT
[INFO] --------------------------------[ jar ]---------------------------------
[INFO] 
[INFO] --- maven-surefire-plugin:3.0.0-M1:test (default-cli) @ hadoop-hdfs-rbf ---
[INFO] 
[INFO] -------------------------------------------------------
[INFO]  T E S T S
[INFO] -------------------------------------------------------
[INFO] Running org.apache.hadoop.hdfs.server.federation.resolver.TestInitializeMountTableResolver
[INFO] Tests run: 1, Failures: 0, Errors: 0, Skipped: 0, Time elapsed: 0.289 s - in org.apache.hadoop.hdfs.server.federation.resolver.TestInitializeMountTableResolver
[INFO] testDefaultNameserviceIsMissing(org.apache.hadoop.hdfs.server.federation.resolver.TestInitializeMountTableResolver)  Time elapsed: 0.184 s
[INFO] 
[INFO] Results:
[INFO] 
[INFO] Tests run: 1, Failures: 0, Errors: 0, Skipped: 0
[INFO] 
[INFO] ------------------------------------------------------------------------
[INFO] BUILD SUCCESS
[INFO] ------------------------------------------------------------------------
[INFO] Total time:  3.519 s
[INFO] Finished at: 2022-11-03T18:51:13-05:00
[INFO] ------------------------------------------------------------------------

>>>>[ctest_core] surefire report path: /home/zixi2/IDoCT-F/run_ctest/../../hadoop/hadoop-hdfs-project/hadoop-hdfs-rbf/target/surefire-reports/TEST-org.apache.hadoop.hdfs.server.federation.resolver.TestInitializeMountTableResolver.xml
>>>>[ctest_core] test class outcome: {'{http://www.w3.org/2001/XMLSchema-instance}noNamespaceSchemaLocation': 'https://maven.apache.org/surefire/maven-surefire-plugin/xsd/surefire-test-report.xsd', 'name': 'org.apache.hadoop.hdfs.server.federation.resolver.TestInitializeMountTableResolver', 'time': '0.289', 'tests': '1', 'errors': '0', 'skipped': '0', 'failures': '0'}
>>>>[ctest_core] unit test outcome: {'name': 'testDefaultNameserviceIsMissing', 'classname': 'org.apache.hadoop.hdfs.server.federation.resolver.TestInitializeMountTableResolver', 'time': '0.184'}
>>>>[ctest_core] result to be return:
org.apache.hadoop.hdfs.server.federation.resolver.TestInitializeMountTableResolver#testDefaultNameserviceIsMissing with running time 0.184 passed
>>>>[ctest_core] chdir to /home/zixi2/IDoCT-F/run_ctest/run_ctest
>>>>[ctest_core] python-timed for running config file: 5.10423731803894
>>>> cleaning injected configuration from file
>>>>[ctest_core] The single ctest PASS
>>>>[ctest_core] total time: 5.104988098144531 seconds










default:
python3 run_single_ctest.py org.apache.hadoop.hdfs.server.federation.resolver.TestInitializeMountTableResolver#testDefaultNameserviceIsMissing dfs.federation.router.mount-table.cache.enable=true
>>>>[ctest_core] loading mapping ../generate_mapping/results/hadoop-hdfs-rbf/param_unset_getter_map.json
>>>>[ctest_core] loading mapping ../generate_mapping/results/hadoop-hdfs-rbf/param_unset_getter_map.json
>>>>[ctest_core] running project hadoop-hdfs-rbf
>>>>[ctest_core] # parameters associated with the run: 1
>>>>[ctest_core] start running ctests for 1 parameters
>>>>[ctest_core] splitting into 1 ctest group
>>>>[ctest_core] group 0, tested_params: dfs.federation.router.mount-table.cache.enable, group size: 1
>>>>[ctest_core] injecting dfs.federation.router.mount-table.cache.enable with value true
>>>>[ctest_core] injecting into file: /home/zixi2/IDoCT-F/run_ctest/../../hadoop/hadoop-hdfs-project/hadoop-hdfs-rbf/target/classes/core-ctest.xml
>>>>[ctest_core] running group 0 where 1 params shares 1 ctests
>>>>[ctest_core] chdir to /home/zixi2/IDoCT-F/run_ctest/../../hadoop/hadoop-hdfs-project/hadoop-hdfs-rbf
>>>>[ctest_core] command: mvn surefire:test -Dtest=org.apache.hadoop.hdfs.server.federation.resolver.TestInitializeMountTableResolver#testDefaultNameserviceIsMissing,
>>>>[ctest_core] chdir to /home/zixi2/IDoCT-F/run_ctest/run_ctest
[INFO] Scanning for projects...
[INFO] ------------------------------------------------------------------------
[INFO] Detecting the operating system and CPU architecture
[INFO] ------------------------------------------------------------------------
[INFO] os.detected.name: linux
[INFO] os.detected.arch: x86_64
[INFO] os.detected.bitness: 64
[INFO] os.detected.version: 5.4
[INFO] os.detected.version.major: 5
[INFO] os.detected.version.minor: 4
[INFO] os.detected.release: ubuntu
[INFO] os.detected.release.version: 20.04
[INFO] os.detected.release.like.ubuntu: true
[INFO] os.detected.release.like.debian: true
[INFO] os.detected.classifier: linux-x86_64
[INFO] 
[INFO] -----------------< org.apache.hadoop:hadoop-hdfs-rbf >------------------
[INFO] Building Apache Hadoop HDFS-RBF 3.4.0-SNAPSHOT
[INFO] --------------------------------[ jar ]---------------------------------
[INFO] 
[INFO] --- maven-surefire-plugin:3.0.0-M1:test (default-cli) @ hadoop-hdfs-rbf ---
[INFO] 
[INFO] -------------------------------------------------------
[INFO]  T E S T S
[INFO] -------------------------------------------------------
[INFO] Running org.apache.hadoop.hdfs.server.federation.resolver.TestInitializeMountTableResolver
[INFO] Tests run: 1, Failures: 0, Errors: 0, Skipped: 0, Time elapsed: 0.291 s - in org.apache.hadoop.hdfs.server.federation.resolver.TestInitializeMountTableResolver
[INFO] testDefaultNameserviceIsMissing(org.apache.hadoop.hdfs.server.federation.resolver.TestInitializeMountTableResolver)  Time elapsed: 0.23 s
[INFO] 
[INFO] Results:
[INFO] 
[INFO] Tests run: 1, Failures: 0, Errors: 0, Skipped: 0
[INFO] 
[INFO] ------------------------------------------------------------------------
[INFO] BUILD SUCCESS
[INFO] ------------------------------------------------------------------------
[INFO] Total time:  3.381 s
[INFO] Finished at: 2022-11-03T18:51:56-05:00
[INFO] ------------------------------------------------------------------------

>>>>[ctest_core] surefire report path: /home/zixi2/IDoCT-F/run_ctest/../../hadoop/hadoop-hdfs-project/hadoop-hdfs-rbf/target/surefire-reports/TEST-org.apache.hadoop.hdfs.server.federation.resolver.TestInitializeMountTableResolver.xml
>>>>[ctest_core] test class outcome: {'{http://www.w3.org/2001/XMLSchema-instance}noNamespaceSchemaLocation': 'https://maven.apache.org/surefire/maven-surefire-plugin/xsd/surefire-test-report.xsd', 'name': 'org.apache.hadoop.hdfs.server.federation.resolver.TestInitializeMountTableResolver', 'time': '0.291', 'tests': '1', 'errors': '0', 'skipped': '0', 'failures': '0'}
>>>>[ctest_core] unit test outcome: {'name': 'testDefaultNameserviceIsMissing', 'classname': 'org.apache.hadoop.hdfs.server.federation.resolver.TestInitializeMountTableResolver', 'time': '0.23'}
>>>>[ctest_core] result to be return:
org.apache.hadoop.hdfs.server.federation.resolver.TestInitializeMountTableResolver#testDefaultNameserviceIsMissing with running time 0.23 passed
>>>>[ctest_core] chdir to /home/zixi2/IDoCT-F/run_ctest/run_ctest
>>>>[ctest_core] python-timed for running config file: 4.649708986282349
>>>> cleaning injected configuration from file
>>>>[ctest_core] The single ctest PASS
>>>>[ctest_core] total time: 4.650492191314697 seconds


python3 run_single_ctest.py org.apache.hadoop.hdfs.server.federation.resolver.TestInitializeMountTableResolver#testDefaultNameserviceIsMissing dfs.federation.router.mount-table.cache.enable=
false
>>>>[ctest_core] loading mapping ../generate_mapping/results/hadoop-hdfs-rbf/param_unset_getter_map.json
>>>>[ctest_core] loading mapping ../generate_mapping/results/hadoop-hdfs-rbf/param_unset_getter_map.json
>>>>[ctest_core] running project hadoop-hdfs-rbf
>>>>[ctest_core] # parameters associated with the run: 1
>>>>[ctest_core] start running ctests for 1 parameters
>>>>[ctest_core] splitting into 1 ctest group
>>>>[ctest_core] group 0, tested_params: dfs.federation.router.mount-table.cache.enable, group size: 1
>>>>[ctest_core] injecting dfs.federation.router.mount-table.cache.enable with value false
>>>>[ctest_core] injecting into file: /home/zixi2/IDoCT-F/run_ctest/../../hadoop/hadoop-hdfs-project/hadoop-hdfs-rbf/target/classes/core-ctest.xml
>>>>[ctest_core] running group 0 where 1 params shares 1 ctests
>>>>[ctest_core] chdir to /home/zixi2/IDoCT-F/run_ctest/../../hadoop/hadoop-hdfs-project/hadoop-hdfs-rbf
>>>>[ctest_core] command: mvn surefire:test -Dtest=org.apache.hadoop.hdfs.server.federation.resolver.TestInitializeMountTableResolver#testDefaultNameserviceIsMissing,
>>>>[ctest_core] chdir to /home/zixi2/IDoCT-F/run_ctest/run_ctest
[INFO] Scanning for projects...
[INFO] ------------------------------------------------------------------------
[INFO] Detecting the operating system and CPU architecture
[INFO] ------------------------------------------------------------------------
[INFO] os.detected.name: linux
[INFO] os.detected.arch: x86_64
[INFO] os.detected.bitness: 64
[INFO] os.detected.version: 5.4
[INFO] os.detected.version.major: 5
[INFO] os.detected.version.minor: 4
[INFO] os.detected.release: ubuntu
[INFO] os.detected.release.version: 20.04
[INFO] os.detected.release.like.ubuntu: true
[INFO] os.detected.release.like.debian: true
[INFO] os.detected.classifier: linux-x86_64
[INFO] 
[INFO] -----------------< org.apache.hadoop:hadoop-hdfs-rbf >------------------
[INFO] Building Apache Hadoop HDFS-RBF 3.4.0-SNAPSHOT
[INFO] --------------------------------[ jar ]---------------------------------
[INFO] 
[INFO] --- maven-surefire-plugin:3.0.0-M1:test (default-cli) @ hadoop-hdfs-rbf ---
[INFO] 
[INFO] -------------------------------------------------------
[INFO]  T E S T S
[INFO] -------------------------------------------------------
[INFO] Running org.apache.hadoop.hdfs.server.federation.resolver.TestInitializeMountTableResolver
[INFO] Tests run: 1, Failures: 0, Errors: 0, Skipped: 0, Time elapsed: 0.246 s - in org.apache.hadoop.hdfs.server.federation.resolver.TestInitializeMountTableResolver
[INFO] testDefaultNameserviceIsMissing(org.apache.hadoop.hdfs.server.federation.resolver.TestInitializeMountTableResolver)  Time elapsed: 0.16 s
[INFO] 
[INFO] Results:
[INFO] 
[INFO] Tests run: 1, Failures: 0, Errors: 0, Skipped: 0
[INFO] 
[INFO] ------------------------------------------------------------------------
[INFO] BUILD SUCCESS
[INFO] ------------------------------------------------------------------------
[INFO] Total time:  3.606 s
[INFO] Finished at: 2022-11-03T18:52:25-05:00
[INFO] ------------------------------------------------------------------------

>>>>[ctest_core] surefire report path: /home/zixi2/IDoCT-F/run_ctest/../../hadoop/hadoop-hdfs-project/hadoop-hdfs-rbf/target/surefire-reports/TEST-org.apache.hadoop.hdfs.server.federation.resolver.TestInitializeMountTableResolver.xml
>>>>[ctest_core] test class outcome: {'{http://www.w3.org/2001/XMLSchema-instance}noNamespaceSchemaLocation': 'https://maven.apache.org/surefire/maven-surefire-plugin/xsd/surefire-test-report.xsd', 'name': 'org.apache.hadoop.hdfs.server.federation.resolver.TestInitializeMountTableResolver', 'time': '0.246', 'tests': '1', 'errors': '0', 'skipped': '0', 'failures': '0'}
>>>>[ctest_core] unit test outcome: {'name': 'testDefaultNameserviceIsMissing', 'classname': 'org.apache.hadoop.hdfs.server.federation.resolver.TestInitializeMountTableResolver', 'time': '0.16'}
>>>>[ctest_core] result to be return:
org.apache.hadoop.hdfs.server.federation.resolver.TestInitializeMountTableResolver#testDefaultNameserviceIsMissing with running time 0.16 passed
>>>>[ctest_core] chdir to /home/zixi2/IDoCT-F/run_ctest/run_ctest
>>>>[ctest_core] python-timed for running config file: 4.89410662651062
>>>> cleaning injected configuration from file
>>>>[ctest_core] The single ctest PASS
>>>>[ctest_core] total time: 4.894497394561768 seconds


python3 run_single_ctest.py org.apache.hadoop.hdfs.server.federation.resolver.TestInitializeMountTableResolver#testDefaultNameserviceIsMissing dfs.federation.router.mount-table.cache.enable=
3000
>>>>[ctest_core] loading mapping ../generate_mapping/results/hadoop-hdfs-rbf/param_unset_getter_map.json
>>>>[ctest_core] loading mapping ../generate_mapping/results/hadoop-hdfs-rbf/param_unset_getter_map.json
>>>>[ctest_core] running project hadoop-hdfs-rbf
>>>>[ctest_core] # parameters associated with the run: 1
>>>>[ctest_core] start running ctests for 1 parameters
>>>>[ctest_core] splitting into 1 ctest group
>>>>[ctest_core] group 0, tested_params: dfs.federation.router.mount-table.cache.enable, group size: 1
>>>>[ctest_core] injecting dfs.federation.router.mount-table.cache.enable with value 3000
>>>>[ctest_core] injecting into file: /home/zixi2/IDoCT-F/run_ctest/../../hadoop/hadoop-hdfs-project/hadoop-hdfs-rbf/target/classes/core-ctest.xml
>>>>[ctest_core] running group 0 where 1 params shares 1 ctests
>>>>[ctest_core] chdir to /home/zixi2/IDoCT-F/run_ctest/../../hadoop/hadoop-hdfs-project/hadoop-hdfs-rbf
>>>>[ctest_core] command: mvn surefire:test -Dtest=org.apache.hadoop.hdfs.server.federation.resolver.TestInitializeMountTableResolver#testDefaultNameserviceIsMissing,
>>>>[ctest_core] chdir to /home/zixi2/IDoCT-F/run_ctest/run_ctest
[INFO] Scanning for projects...
[INFO] ------------------------------------------------------------------------
[INFO] Detecting the operating system and CPU architecture
[INFO] ------------------------------------------------------------------------
[INFO] os.detected.name: linux
[INFO] os.detected.arch: x86_64
[INFO] os.detected.bitness: 64
[INFO] os.detected.version: 5.4
[INFO] os.detected.version.major: 5
[INFO] os.detected.version.minor: 4
[INFO] os.detected.release: ubuntu
[INFO] os.detected.release.version: 20.04
[INFO] os.detected.release.like.ubuntu: true
[INFO] os.detected.release.like.debian: true
[INFO] os.detected.classifier: linux-x86_64
[INFO] 
[INFO] -----------------< org.apache.hadoop:hadoop-hdfs-rbf >------------------
[INFO] Building Apache Hadoop HDFS-RBF 3.4.0-SNAPSHOT
[INFO] --------------------------------[ jar ]---------------------------------
[INFO] 
[INFO] --- maven-surefire-plugin:3.0.0-M1:test (default-cli) @ hadoop-hdfs-rbf ---
[INFO] 
[INFO] -------------------------------------------------------
[INFO]  T E S T S
[INFO] -------------------------------------------------------
[INFO] Running org.apache.hadoop.hdfs.server.federation.resolver.TestInitializeMountTableResolver
[INFO] Tests run: 1, Failures: 0, Errors: 0, Skipped: 0, Time elapsed: 0.241 s - in org.apache.hadoop.hdfs.server.federation.resolver.TestInitializeMountTableResolver
[INFO] testDefaultNameserviceIsMissing(org.apache.hadoop.hdfs.server.federation.resolver.TestInitializeMountTableResolver)  Time elapsed: 0.161 s
[INFO] 
[INFO] Results:
[INFO] 
[INFO] Tests run: 1, Failures: 0, Errors: 0, Skipped: 0
[INFO] 
[INFO] ------------------------------------------------------------------------
[INFO] BUILD SUCCESS
[INFO] ------------------------------------------------------------------------
[INFO] Total time:  3.164 s
[INFO] Finished at: 2022-11-03T18:52:53-05:00
[INFO] ------------------------------------------------------------------------

>>>>[ctest_core] surefire report path: /home/zixi2/IDoCT-F/run_ctest/../../hadoop/hadoop-hdfs-project/hadoop-hdfs-rbf/target/surefire-reports/TEST-org.apache.hadoop.hdfs.server.federation.resolver.TestInitializeMountTableResolver.xml
>>>>[ctest_core] test class outcome: {'{http://www.w3.org/2001/XMLSchema-instance}noNamespaceSchemaLocation': 'https://maven.apache.org/surefire/maven-surefire-plugin/xsd/surefire-test-report.xsd', 'name': 'org.apache.hadoop.hdfs.server.federation.resolver.TestInitializeMountTableResolver', 'time': '0.241', 'tests': '1', 'errors': '0', 'skipped': '0', 'failures': '0'}
>>>>[ctest_core] unit test outcome: {'name': 'testDefaultNameserviceIsMissing', 'classname': 'org.apache.hadoop.hdfs.server.federation.resolver.TestInitializeMountTableResolver', 'time': '0.161'}
>>>>[ctest_core] result to be return:
org.apache.hadoop.hdfs.server.federation.resolver.TestInitializeMountTableResolver#testDefaultNameserviceIsMissing with running time 0.161 passed
>>>>[ctest_core] chdir to /home/zixi2/IDoCT-F/run_ctest/run_ctest
>>>>[ctest_core] python-timed for running config file: 4.526604890823364
>>>> cleaning injected configuration from file
>>>>[ctest_core] The single ctest PASS
>>>>[ctest_core] total time: 4.526988983154297 seconds










default:
python3 run_single_ctest.py org.apache.hadoop.hdfs.server.federation.resolver.TestInitializeMountTableResolver#testDefaultNameserviceIsMissing dfs.federation.router.default.nameservice.enable=true
>>>>[ctest_core] loading mapping ../generate_mapping/results/hadoop-hdfs-rbf/param_unset_getter_map.json
>>>>[ctest_core] loading mapping ../generate_mapping/results/hadoop-hdfs-rbf/param_unset_getter_map.json
>>>>[ctest_core] running project hadoop-hdfs-rbf
>>>>[ctest_core] # parameters associated with the run: 1
>>>>[ctest_core] start running ctests for 1 parameters
>>>>[ctest_core] splitting into 1 ctest group
>>>>[ctest_core] group 0, tested_params: dfs.federation.router.default.nameservice.enable, group size: 1
>>>>[ctest_core] injecting dfs.federation.router.default.nameservice.enable with value true
>>>>[ctest_core] injecting into file: /home/zixi2/IDoCT-F/run_ctest/../../hadoop/hadoop-hdfs-project/hadoop-hdfs-rbf/target/classes/core-ctest.xml
>>>>[ctest_core] running group 0 where 1 params shares 1 ctests
>>>>[ctest_core] chdir to /home/zixi2/IDoCT-F/run_ctest/../../hadoop/hadoop-hdfs-project/hadoop-hdfs-rbf
>>>>[ctest_core] command: mvn surefire:test -Dtest=org.apache.hadoop.hdfs.server.federation.resolver.TestInitializeMountTableResolver#testDefaultNameserviceIsMissing,
>>>>[ctest_core] chdir to /home/zixi2/IDoCT-F/run_ctest/run_ctest
[INFO] Scanning for projects...
[INFO] ------------------------------------------------------------------------
[INFO] Detecting the operating system and CPU architecture
[INFO] ------------------------------------------------------------------------
[INFO] os.detected.name: linux
[INFO] os.detected.arch: x86_64
[INFO] os.detected.bitness: 64
[INFO] os.detected.version: 5.4
[INFO] os.detected.version.major: 5
[INFO] os.detected.version.minor: 4
[INFO] os.detected.release: ubuntu
[INFO] os.detected.release.version: 20.04
[INFO] os.detected.release.like.ubuntu: true
[INFO] os.detected.release.like.debian: true
[INFO] os.detected.classifier: linux-x86_64
[INFO] 
[INFO] -----------------< org.apache.hadoop:hadoop-hdfs-rbf >------------------
[INFO] Building Apache Hadoop HDFS-RBF 3.4.0-SNAPSHOT
[INFO] --------------------------------[ jar ]---------------------------------
[INFO] 
[INFO] --- maven-surefire-plugin:3.0.0-M1:test (default-cli) @ hadoop-hdfs-rbf ---
[INFO] 
[INFO] -------------------------------------------------------
[INFO]  T E S T S
[INFO] -------------------------------------------------------
[INFO] Running org.apache.hadoop.hdfs.server.federation.resolver.TestInitializeMountTableResolver
[INFO] Tests run: 1, Failures: 0, Errors: 0, Skipped: 0, Time elapsed: 0.238 s - in org.apache.hadoop.hdfs.server.federation.resolver.TestInitializeMountTableResolver
[INFO] testDefaultNameserviceIsMissing(org.apache.hadoop.hdfs.server.federation.resolver.TestInitializeMountTableResolver)  Time elapsed: 0.164 s
[INFO] 
[INFO] Results:
[INFO] 
[INFO] Tests run: 1, Failures: 0, Errors: 0, Skipped: 0
[INFO] 
[INFO] ------------------------------------------------------------------------
[INFO] BUILD SUCCESS
[INFO] ------------------------------------------------------------------------
[INFO] Total time:  3.219 s
[INFO] Finished at: 2022-11-03T18:53:43-05:00
[INFO] ------------------------------------------------------------------------

>>>>[ctest_core] surefire report path: /home/zixi2/IDoCT-F/run_ctest/../../hadoop/hadoop-hdfs-project/hadoop-hdfs-rbf/target/surefire-reports/TEST-org.apache.hadoop.hdfs.server.federation.resolver.TestInitializeMountTableResolver.xml
>>>>[ctest_core] test class outcome: {'{http://www.w3.org/2001/XMLSchema-instance}noNamespaceSchemaLocation': 'https://maven.apache.org/surefire/maven-surefire-plugin/xsd/surefire-test-report.xsd', 'name': 'org.apache.hadoop.hdfs.server.federation.resolver.TestInitializeMountTableResolver', 'time': '0.238', 'tests': '1', 'errors': '0', 'skipped': '0', 'failures': '0'}
>>>>[ctest_core] unit test outcome: {'name': 'testDefaultNameserviceIsMissing', 'classname': 'org.apache.hadoop.hdfs.server.federation.resolver.TestInitializeMountTableResolver', 'time': '0.164'}
>>>>[ctest_core] result to be return:
org.apache.hadoop.hdfs.server.federation.resolver.TestInitializeMountTableResolver#testDefaultNameserviceIsMissing with running time 0.164 passed
>>>>[ctest_core] chdir to /home/zixi2/IDoCT-F/run_ctest/run_ctest
>>>>[ctest_core] python-timed for running config file: 4.727798223495483
>>>> cleaning injected configuration from file
>>>>[ctest_core] The single ctest PASS
>>>>[ctest_core] total time: 4.728195428848267 seconds


python3 run_single_ctest.py org.apache.hadoop.hdfs.server.federation.resolver.TestInitializeMountTableResolver#testDefaultNameserviceIsMissing dfs.federation.router.default.nameservice.enable=false
>>>>[ctest_core] loading mapping ../generate_mapping/results/hadoop-hdfs-rbf/param_unset_getter_map.json
>>>>[ctest_core] loading mapping ../generate_mapping/results/hadoop-hdfs-rbf/param_unset_getter_map.json
>>>>[ctest_core] running project hadoop-hdfs-rbf
>>>>[ctest_core] # parameters associated with the run: 1
>>>>[ctest_core] start running ctests for 1 parameters
>>>>[ctest_core] splitting into 1 ctest group
>>>>[ctest_core] group 0, tested_params: dfs.federation.router.default.nameservice.enable, group size: 1
>>>>[ctest_core] injecting dfs.federation.router.default.nameservice.enable with value false
>>>>[ctest_core] injecting into file: /home/zixi2/IDoCT-F/run_ctest/../../hadoop/hadoop-hdfs-project/hadoop-hdfs-rbf/target/classes/core-ctest.xml
>>>>[ctest_core] running group 0 where 1 params shares 1 ctests
>>>>[ctest_core] chdir to /home/zixi2/IDoCT-F/run_ctest/../../hadoop/hadoop-hdfs-project/hadoop-hdfs-rbf
>>>>[ctest_core] command: mvn surefire:test -Dtest=org.apache.hadoop.hdfs.server.federation.resolver.TestInitializeMountTableResolver#testDefaultNameserviceIsMissing,
>>>>[ctest_core] chdir to /home/zixi2/IDoCT-F/run_ctest/run_ctest
[INFO] Scanning for projects...
[INFO] ------------------------------------------------------------------------
[INFO] Detecting the operating system and CPU architecture
[INFO] ------------------------------------------------------------------------
[INFO] os.detected.name: linux
[INFO] os.detected.arch: x86_64
[INFO] os.detected.bitness: 64
[INFO] os.detected.version: 5.4
[INFO] os.detected.version.major: 5
[INFO] os.detected.version.minor: 4
[INFO] os.detected.release: ubuntu
[INFO] os.detected.release.version: 20.04
[INFO] os.detected.release.like.ubuntu: true
[INFO] os.detected.release.like.debian: true
[INFO] os.detected.classifier: linux-x86_64
[INFO] 
[INFO] -----------------< org.apache.hadoop:hadoop-hdfs-rbf >------------------
[INFO] Building Apache Hadoop HDFS-RBF 3.4.0-SNAPSHOT
[INFO] --------------------------------[ jar ]---------------------------------
[INFO] 
[INFO] --- maven-surefire-plugin:3.0.0-M1:test (default-cli) @ hadoop-hdfs-rbf ---
[INFO] 
[INFO] -------------------------------------------------------
[INFO]  T E S T S
[INFO] -------------------------------------------------------
[INFO] Running org.apache.hadoop.hdfs.server.federation.resolver.TestInitializeMountTableResolver
[INFO] Tests run: 1, Failures: 0, Errors: 0, Skipped: 0, Time elapsed: 0.317 s - in org.apache.hadoop.hdfs.server.federation.resolver.TestInitializeMountTableResolver
[INFO] testDefaultNameserviceIsMissing(org.apache.hadoop.hdfs.server.federation.resolver.TestInitializeMountTableResolver)  Time elapsed: 0.223 s
[INFO] 
[INFO] Results:
[INFO] 
[INFO] Tests run: 1, Failures: 0, Errors: 0, Skipped: 0
[INFO] 
[INFO] ------------------------------------------------------------------------
[INFO] BUILD SUCCESS
[INFO] ------------------------------------------------------------------------
[INFO] Total time:  3.438 s
[INFO] Finished at: 2022-11-03T18:54:04-05:00
[INFO] ------------------------------------------------------------------------

>>>>[ctest_core] surefire report path: /home/zixi2/IDoCT-F/run_ctest/../../hadoop/hadoop-hdfs-project/hadoop-hdfs-rbf/target/surefire-reports/TEST-org.apache.hadoop.hdfs.server.federation.resolver.TestInitializeMountTableResolver.xml
>>>>[ctest_core] test class outcome: {'{http://www.w3.org/2001/XMLSchema-instance}noNamespaceSchemaLocation': 'https://maven.apache.org/surefire/maven-surefire-plugin/xsd/surefire-test-report.xsd', 'name': 'org.apache.hadoop.hdfs.server.federation.resolver.TestInitializeMountTableResolver', 'time': '0.317', 'tests': '1', 'errors': '0', 'skipped': '0', 'failures': '0'}
>>>>[ctest_core] unit test outcome: {'name': 'testDefaultNameserviceIsMissing', 'classname': 'org.apache.hadoop.hdfs.server.federation.resolver.TestInitializeMountTableResolver', 'time': '0.223'}
>>>>[ctest_core] result to be return:
org.apache.hadoop.hdfs.server.federation.resolver.TestInitializeMountTableResolver#testDefaultNameserviceIsMissing with running time 0.223 passed
>>>>[ctest_core] chdir to /home/zixi2/IDoCT-F/run_ctest/run_ctest
>>>>[ctest_core] python-timed for running config file: 4.691580295562744
>>>> cleaning injected configuration from file
>>>>[ctest_core] The single ctest PASS
>>>>[ctest_core] total time: 4.691992521286011 seconds


python3 run_single_ctest.py org.apache.hadoop.hdfs.server.federation.resolver.TestInitializeMountTableResolver#testDefaultNameserviceIsMissing dfs.federation.router.default.nameservice.enable=40000
>>>>[ctest_core] loading mapping ../generate_mapping/results/hadoop-hdfs-rbf/param_unset_getter_map.json
>>>>[ctest_core] loading mapping ../generate_mapping/results/hadoop-hdfs-rbf/param_unset_getter_map.json
>>>>[ctest_core] running project hadoop-hdfs-rbf
>>>>[ctest_core] # parameters associated with the run: 1
>>>>[ctest_core] start running ctests for 1 parameters
>>>>[ctest_core] splitting into 1 ctest group
>>>>[ctest_core] group 0, tested_params: dfs.federation.router.default.nameservice.enable, group size: 1
>>>>[ctest_core] injecting dfs.federation.router.default.nameservice.enable with value 40000
>>>>[ctest_core] injecting into file: /home/zixi2/IDoCT-F/run_ctest/../../hadoop/hadoop-hdfs-project/hadoop-hdfs-rbf/target/classes/core-ctest.xml
>>>>[ctest_core] running group 0 where 1 params shares 1 ctests
>>>>[ctest_core] chdir to /home/zixi2/IDoCT-F/run_ctest/../../hadoop/hadoop-hdfs-project/hadoop-hdfs-rbf
>>>>[ctest_core] command: mvn surefire:test -Dtest=org.apache.hadoop.hdfs.server.federation.resolver.TestInitializeMountTableResolver#testDefaultNameserviceIsMissing,
>>>>[ctest_core] chdir to /home/zixi2/IDoCT-F/run_ctest/run_ctest
[INFO] Scanning for projects...
[INFO] ------------------------------------------------------------------------
[INFO] Detecting the operating system and CPU architecture
[INFO] ------------------------------------------------------------------------
[INFO] os.detected.name: linux
[INFO] os.detected.arch: x86_64
[INFO] os.detected.bitness: 64
[INFO] os.detected.version: 5.4
[INFO] os.detected.version.major: 5
[INFO] os.detected.version.minor: 4
[INFO] os.detected.release: ubuntu
[INFO] os.detected.release.version: 20.04
[INFO] os.detected.release.like.ubuntu: true
[INFO] os.detected.release.like.debian: true
[INFO] os.detected.classifier: linux-x86_64
[INFO] 
[INFO] -----------------< org.apache.hadoop:hadoop-hdfs-rbf >------------------
[INFO] Building Apache Hadoop HDFS-RBF 3.4.0-SNAPSHOT
[INFO] --------------------------------[ jar ]---------------------------------
[INFO] 
[INFO] --- maven-surefire-plugin:3.0.0-M1:test (default-cli) @ hadoop-hdfs-rbf ---
[INFO] 
[INFO] -------------------------------------------------------
[INFO]  T E S T S
[INFO] -------------------------------------------------------
[INFO] Running org.apache.hadoop.hdfs.server.federation.resolver.TestInitializeMountTableResolver
[INFO] Tests run: 1, Failures: 0, Errors: 0, Skipped: 0, Time elapsed: 0.28 s - in org.apache.hadoop.hdfs.server.federation.resolver.TestInitializeMountTableResolver
[INFO] testDefaultNameserviceIsMissing(org.apache.hadoop.hdfs.server.federation.resolver.TestInitializeMountTableResolver)  Time elapsed: 0.186 s
[INFO] 
[INFO] Results:
[INFO] 
[INFO] Tests run: 1, Failures: 0, Errors: 0, Skipped: 0
[INFO] 
[INFO] ------------------------------------------------------------------------
[INFO] BUILD SUCCESS
[INFO] ------------------------------------------------------------------------
[INFO] Total time:  3.414 s
[INFO] Finished at: 2022-11-03T18:54:29-05:00
[INFO] ------------------------------------------------------------------------

>>>>[ctest_core] surefire report path: /home/zixi2/IDoCT-F/run_ctest/../../hadoop/hadoop-hdfs-project/hadoop-hdfs-rbf/target/surefire-reports/TEST-org.apache.hadoop.hdfs.server.federation.resolver.TestInitializeMountTableResolver.xml
>>>>[ctest_core] test class outcome: {'{http://www.w3.org/2001/XMLSchema-instance}noNamespaceSchemaLocation': 'https://maven.apache.org/surefire/maven-surefire-plugin/xsd/surefire-test-report.xsd', 'name': 'org.apache.hadoop.hdfs.server.federation.resolver.TestInitializeMountTableResolver', 'time': '0.28', 'tests': '1', 'errors': '0', 'skipped': '0', 'failures': '0'}
>>>>[ctest_core] unit test outcome: {'name': 'testDefaultNameserviceIsMissing', 'classname': 'org.apache.hadoop.hdfs.server.federation.resolver.TestInitializeMountTableResolver', 'time': '0.186'}
>>>>[ctest_core] result to be return:
org.apache.hadoop.hdfs.server.federation.resolver.TestInitializeMountTableResolver#testDefaultNameserviceIsMissing with running time 0.186 passed
>>>>[ctest_core] chdir to /home/zixi2/IDoCT-F/run_ctest/run_ctest
>>>>[ctest_core] python-timed for running config file: 4.645672798156738
>>>> cleaning injected configuration from file
>>>>[ctest_core] The single ctest PASS
>>>>[ctest_core] total time: 4.646076440811157 seconds