yuanfei2@fa22-cs527-051:~/IDoCT/run_ctest$ python3 run_single_ctest.py org.apache.hadoop.yarn.client.TestClientRMProxy#testGetRMDelegationTokenService hadoop.security.dns.log-slow-lookups.threshold.ms=1000
>>>>[ctest_core] loading mapping ../generate_mapping/results/hadoop-yarn-common/param_unset_getter_map.json
>>>>[ctest_core] loading mapping ../generate_mapping/results/hadoop-yarn-common/param_unset_getter_map.json
>>>>[ctest_core] running project hadoop-yarn-common
>>>>[ctest_core] # parameters associated with the run: 1
>>>>[ctest_core] start running ctests for 1 parameters
>>>>[ctest_core] splitting into 1 ctest group
>>>>[ctest_core] group 0, tested_params: hadoop.security.dns.log-slow-lookups.threshold.ms, group size: 1
>>>>[ctest_core] injecting hadoop.security.dns.log-slow-lookups.threshold.ms with value 1000
>>>>[ctest_core] injecting into file: /home/yuanfei2/IDoCT/run_ctest/../../hadoop/hadoop-yarn-project/hadoop-yarn/hadoop-yarn-common/target/classes/core-ctest.xml
>>>>[ctest_core] running group 0 where 1 params shares 1 ctests
>>>>[ctest_core] chdir to /home/yuanfei2/IDoCT/run_ctest/../../hadoop/hadoop-yarn-project/hadoop-yarn/hadoop-yarn-common
>>>>[ctest_core] command: mvn surefire:test -Dtest=org.apache.hadoop.yarn.client.TestClientRMProxy#testGetRMDelegationTokenService,
>>>>[ctest_core] chdir to /home/yuanfei2/IDoCT/run_ctest/run_ctest
[INFO] Scanning for projects...
[WARNING] 
[WARNING] Some problems were encountered while building the effective model for org.apache.hadoop:hadoop-yarn-common:jar:3.4.0-SNAPSHOT
[WARNING] 'build.plugins.plugin.(groupId:artifactId)' must be unique but found duplicate declaration of plugin org.apache.maven.plugins:maven-surefire-plugin @ org.apache.hadoop:hadoop-yarn:3.4.0-SNAPSHOT, /home/yuanfei2/hadoop/hadoop-yarn-project/hadoop-yarn/pom.xml, line 78, column 15
[WARNING] 
[WARNING] It is highly recommended to fix these problems because they threaten the stability of your build.
[WARNING] 
[WARNING] For this reason, future Maven versions might no longer support building such malformed projects.
[WARNING] 
[INFO] ------------------------------------------------------------------------
[INFO] Detecting the operating system and CPU architecture
[INFO] ------------------------------------------------------------------------
[INFO] os.detected.name: linux
[INFO] os.detected.arch: x86_64
[INFO] os.detected.bitness: 64
[INFO] os.detected.version: 5.4
[INFO] os.detected.version.major: 5
[INFO] os.detected.version.minor: 4
[INFO] os.detected.release: ubuntu
[INFO] os.detected.release.version: 20.04
[INFO] os.detected.release.like.ubuntu: true
[INFO] os.detected.release.like.debian: true
[INFO] os.detected.classifier: linux-x86_64
[INFO] 
[INFO] ----------------< org.apache.hadoop:hadoop-yarn-common >----------------
[INFO] Building Apache Hadoop YARN Common 3.4.0-SNAPSHOT
[INFO] --------------------------------[ jar ]---------------------------------
[INFO] 
[INFO] --- maven-surefire-plugin:3.0.0-M4:test (default-cli) @ hadoop-yarn-common ---
[INFO] 
[INFO] -------------------------------------------------------
[INFO]  T E S T S
[INFO] -------------------------------------------------------
[INFO] Running org.apache.hadoop.yarn.client.TestClientRMProxy
[INFO] Tests run: 1, Failures: 0, Errors: 0, Skipped: 0, Time elapsed: 0.683 s - in org.apache.hadoop.yarn.client.TestClientRMProxy
[INFO] org.apache.hadoop.yarn.client.TestClientRMProxy.testGetRMDelegationTokenService  Time elapsed: 0.57 s
[INFO] 
[INFO] Results:
[INFO] 
[INFO] Tests run: 1, Failures: 0, Errors: 0, Skipped: 0
[INFO] 
[INFO] ------------------------------------------------------------------------
[INFO] BUILD SUCCESS
[INFO] ------------------------------------------------------------------------
[INFO] Total time:  6.420 s
[INFO] Finished at: 2022-11-03T17:49:28-05:00
[INFO] ------------------------------------------------------------------------

>>>>[ctest_core] surefire report path: /home/yuanfei2/IDoCT/run_ctest/../../hadoop/hadoop-yarn-project/hadoop-yarn/hadoop-yarn-common/target/surefire-reports/TEST-org.apache.hadoop.yarn.client.TestClientRMProxy.xml
>>>>[ctest_core] test class outcome: {'{http://www.w3.org/2001/XMLSchema-instance}noNamespaceSchemaLocation': 'https://maven.apache.org/surefire/maven-surefire-plugin/xsd/surefire-test-report-3.0.xsd', 'version': '3.0', 'name': 'org.apache.hadoop.yarn.client.TestClientRMProxy', 'time': '0.683', 'tests': '1', 'errors': '0', 'skipped': '0', 'failures': '0'}
>>>>[ctest_core] unit test outcome: {'name': 'testGetRMDelegationTokenService', 'classname': 'org.apache.hadoop.yarn.client.TestClientRMProxy', 'time': '0.57'}
>>>>[ctest_core] result to be return:
org.apache.hadoop.yarn.client.TestClientRMProxy#testGetRMDelegationTokenService with running time 0.57 passed
>>>>[ctest_core] chdir to /home/yuanfei2/IDoCT/run_ctest/run_ctest
>>>>[ctest_core] python-timed for running config file: 9.388660430908203
>>>> cleaning injected configuration from file
>>>>[ctest_core] The single ctest PASS
>>>>[ctest_core] total time: 9.389117002487183 seconds
yuanfei2@fa22-cs527-051:~/IDoCT/run_ctest$ python3 run_single_ctest.py org.apache.hadoop.yarn.client.TestClientRMProxy#testGetRMDelegationTokenService hadoop.security.dns.log-slow-lookups.threshold.ms=t
>>>>[ctest_core] loading mapping ../generate_mapping/results/hadoop-yarn-common/param_unset_getter_map.json
>>>>[ctest_core] loading mapping ../generate_mapping/results/hadoop-yarn-common/param_unset_getter_map.json
>>>>[ctest_core] running project hadoop-yarn-common
>>>>[ctest_core] # parameters associated with the run: 1
>>>>[ctest_core] start running ctests for 1 parameters
>>>>[ctest_core] splitting into 1 ctest group
>>>>[ctest_core] group 0, tested_params: hadoop.security.dns.log-slow-lookups.threshold.ms, group size: 1
>>>>[ctest_core] injecting hadoop.security.dns.log-slow-lookups.threshold.ms with value t
>>>>[ctest_core] injecting into file: /home/yuanfei2/IDoCT/run_ctest/../../hadoop/hadoop-yarn-project/hadoop-yarn/hadoop-yarn-common/target/classes/core-ctest.xml
>>>>[ctest_core] running group 0 where 1 params shares 1 ctests
>>>>[ctest_core] chdir to /home/yuanfei2/IDoCT/run_ctest/../../hadoop/hadoop-yarn-project/hadoop-yarn/hadoop-yarn-common
>>>>[ctest_core] command: mvn surefire:test -Dtest=org.apache.hadoop.yarn.client.TestClientRMProxy#testGetRMDelegationTokenService,
>>>>[ctest_core] chdir to /home/yuanfei2/IDoCT/run_ctest/run_ctest
[INFO] Scanning for projects...
[WARNING] 
[WARNING] Some problems were encountered while building the effective model for org.apache.hadoop:hadoop-yarn-common:jar:3.4.0-SNAPSHOT
[WARNING] 'build.plugins.plugin.(groupId:artifactId)' must be unique but found duplicate declaration of plugin org.apache.maven.plugins:maven-surefire-plugin @ org.apache.hadoop:hadoop-yarn:3.4.0-SNAPSHOT, /home/yuanfei2/hadoop/hadoop-yarn-project/hadoop-yarn/pom.xml, line 78, column 15
[WARNING] 
[WARNING] It is highly recommended to fix these problems because they threaten the stability of your build.
[WARNING] 
[WARNING] For this reason, future Maven versions might no longer support building such malformed projects.
[WARNING] 
[INFO] ------------------------------------------------------------------------
[INFO] Detecting the operating system and CPU architecture
[INFO] ------------------------------------------------------------------------
[INFO] os.detected.name: linux
[INFO] os.detected.arch: x86_64
[INFO] os.detected.bitness: 64
[INFO] os.detected.version: 5.4
[INFO] os.detected.version.major: 5
[INFO] os.detected.version.minor: 4
[INFO] os.detected.release: ubuntu
[INFO] os.detected.release.version: 20.04
[INFO] os.detected.release.like.ubuntu: true
[INFO] os.detected.release.like.debian: true
[INFO] os.detected.classifier: linux-x86_64
[INFO] 
[INFO] ----------------< org.apache.hadoop:hadoop-yarn-common >----------------
[INFO] Building Apache Hadoop YARN Common 3.4.0-SNAPSHOT
[INFO] --------------------------------[ jar ]---------------------------------
[INFO] 
[INFO] --- maven-surefire-plugin:3.0.0-M4:test (default-cli) @ hadoop-yarn-common ---
[INFO] 
[INFO] -------------------------------------------------------
[INFO]  T E S T S
[INFO] -------------------------------------------------------
[INFO] Running org.apache.hadoop.yarn.client.TestClientRMProxy
[INFO] Tests run: 1, Failures: 0, Errors: 0, Skipped: 0, Time elapsed: 0.981 s - in org.apache.hadoop.yarn.client.TestClientRMProxy
[INFO] org.apache.hadoop.yarn.client.TestClientRMProxy.testGetRMDelegationTokenService  Time elapsed: 0.817 s
[INFO] 
[INFO] Results:
[INFO] 
[INFO] Tests run: 1, Failures: 0, Errors: 0, Skipped: 0
[INFO] 
[INFO] ------------------------------------------------------------------------
[INFO] BUILD SUCCESS
[INFO] ------------------------------------------------------------------------
[INFO] Total time:  6.297 s
[INFO] Finished at: 2022-11-03T17:49:43-05:00
[INFO] ------------------------------------------------------------------------

>>>>[ctest_core] surefire report path: /home/yuanfei2/IDoCT/run_ctest/../../hadoop/hadoop-yarn-project/hadoop-yarn/hadoop-yarn-common/target/surefire-reports/TEST-org.apache.hadoop.yarn.client.TestClientRMProxy.xml
>>>>[ctest_core] test class outcome: {'{http://www.w3.org/2001/XMLSchema-instance}noNamespaceSchemaLocation': 'https://maven.apache.org/surefire/maven-surefire-plugin/xsd/surefire-test-report-3.0.xsd', 'version': '3.0', 'name': 'org.apache.hadoop.yarn.client.TestClientRMProxy', 'time': '0.981', 'tests': '1', 'errors': '0', 'skipped': '0', 'failures': '0'}
>>>>[ctest_core] unit test outcome: {'name': 'testGetRMDelegationTokenService', 'classname': 'org.apache.hadoop.yarn.client.TestClientRMProxy', 'time': '0.817'}
>>>>[ctest_core] result to be return:
org.apache.hadoop.yarn.client.TestClientRMProxy#testGetRMDelegationTokenService with running time 0.817 passed
>>>>[ctest_core] chdir to /home/yuanfei2/IDoCT/run_ctest/run_ctest
>>>>[ctest_core] python-timed for running config file: 9.143014669418335
>>>> cleaning injected configuration from file
>>>>[ctest_core] The single ctest PASS
>>>>[ctest_core] total time: 9.144127607345581 seconds
yuanfei2@fa22-cs527-051:~/IDoCT/run_ctest$ python3 run_single_ctest.py org.apache.hadoop.yarn.client.TestClientRMProxy#testGetRMDelegationTokenService hadoop.security.dns.log-slow-lookups.threshold.ms=-9999
>>>>[ctest_core] loading mapping ../generate_mapping/results/hadoop-yarn-common/param_unset_getter_map.json
>>>>[ctest_core] loading mapping ../generate_mapping/results/hadoop-yarn-common/param_unset_getter_map.json
>>>>[ctest_core] running project hadoop-yarn-common
>>>>[ctest_core] # parameters associated with the run: 1
>>>>[ctest_core] start running ctests for 1 parameters
>>>>[ctest_core] splitting into 1 ctest group
>>>>[ctest_core] group 0, tested_params: hadoop.security.dns.log-slow-lookups.threshold.ms, group size: 1
>>>>[ctest_core] injecting hadoop.security.dns.log-slow-lookups.threshold.ms with value -9999
>>>>[ctest_core] injecting into file: /home/yuanfei2/IDoCT/run_ctest/../../hadoop/hadoop-yarn-project/hadoop-yarn/hadoop-yarn-common/target/classes/core-ctest.xml
>>>>[ctest_core] running group 0 where 1 params shares 1 ctests
>>>>[ctest_core] chdir to /home/yuanfei2/IDoCT/run_ctest/../../hadoop/hadoop-yarn-project/hadoop-yarn/hadoop-yarn-common
>>>>[ctest_core] command: mvn surefire:test -Dtest=org.apache.hadoop.yarn.client.TestClientRMProxy#testGetRMDelegationTokenService,
>>>>[ctest_core] chdir to /home/yuanfei2/IDoCT/run_ctest/run_ctest
[INFO] Scanning for projects...
[WARNING] 
[WARNING] Some problems were encountered while building the effective model for org.apache.hadoop:hadoop-yarn-common:jar:3.4.0-SNAPSHOT
[WARNING] 'build.plugins.plugin.(groupId:artifactId)' must be unique but found duplicate declaration of plugin org.apache.maven.plugins:maven-surefire-plugin @ org.apache.hadoop:hadoop-yarn:3.4.0-SNAPSHOT, /home/yuanfei2/hadoop/hadoop-yarn-project/hadoop-yarn/pom.xml, line 78, column 15
[WARNING] 
[WARNING] It is highly recommended to fix these problems because they threaten the stability of your build.
[WARNING] 
[WARNING] For this reason, future Maven versions might no longer support building such malformed projects.
[WARNING] 
[INFO] ------------------------------------------------------------------------
[INFO] Detecting the operating system and CPU architecture
[INFO] ------------------------------------------------------------------------
[INFO] os.detected.name: linux
[INFO] os.detected.arch: x86_64
[INFO] os.detected.bitness: 64
[INFO] os.detected.version: 5.4
[INFO] os.detected.version.major: 5
[INFO] os.detected.version.minor: 4
[INFO] os.detected.release: ubuntu
[INFO] os.detected.release.version: 20.04
[INFO] os.detected.release.like.ubuntu: true
[INFO] os.detected.release.like.debian: true
[INFO] os.detected.classifier: linux-x86_64
[INFO] 
[INFO] ----------------< org.apache.hadoop:hadoop-yarn-common >----------------
[INFO] Building Apache Hadoop YARN Common 3.4.0-SNAPSHOT
[INFO] --------------------------------[ jar ]---------------------------------
[INFO] 
[INFO] --- maven-surefire-plugin:3.0.0-M4:test (default-cli) @ hadoop-yarn-common ---
[INFO] 
[INFO] -------------------------------------------------------
[INFO]  T E S T S
[INFO] -------------------------------------------------------
[INFO] Running org.apache.hadoop.yarn.client.TestClientRMProxy
[INFO] Tests run: 1, Failures: 0, Errors: 0, Skipped: 0, Time elapsed: 0.752 s - in org.apache.hadoop.yarn.client.TestClientRMProxy
[INFO] org.apache.hadoop.yarn.client.TestClientRMProxy.testGetRMDelegationTokenService  Time elapsed: 0.614 s
[INFO] 
[INFO] Results:
[INFO] 
[INFO] Tests run: 1, Failures: 0, Errors: 0, Skipped: 0
[INFO] 
[INFO] ------------------------------------------------------------------------
[INFO] BUILD SUCCESS
[INFO] ------------------------------------------------------------------------
[INFO] Total time:  5.450 s
[INFO] Finished at: 2022-11-03T17:49:59-05:00
[INFO] ------------------------------------------------------------------------

>>>>[ctest_core] surefire report path: /home/yuanfei2/IDoCT/run_ctest/../../hadoop/hadoop-yarn-project/hadoop-yarn/hadoop-yarn-common/target/surefire-reports/TEST-org.apache.hadoop.yarn.client.TestClientRMProxy.xml
>>>>[ctest_core] test class outcome: {'{http://www.w3.org/2001/XMLSchema-instance}noNamespaceSchemaLocation': 'https://maven.apache.org/surefire/maven-surefire-plugin/xsd/surefire-test-report-3.0.xsd', 'version': '3.0', 'name': 'org.apache.hadoop.yarn.client.TestClientRMProxy', 'time': '0.752', 'tests': '1', 'errors': '0', 'skipped': '0', 'failures': '0'}
>>>>[ctest_core] unit test outcome: {'name': 'testGetRMDelegationTokenService', 'classname': 'org.apache.hadoop.yarn.client.TestClientRMProxy', 'time': '0.614'}
>>>>[ctest_core] result to be return:
org.apache.hadoop.yarn.client.TestClientRMProxy#testGetRMDelegationTokenService with running time 0.614 passed
>>>>[ctest_core] chdir to /home/yuanfei2/IDoCT/run_ctest/run_ctest
>>>>[ctest_core] python-timed for running config file: 8.370095014572144
>>>> cleaning injected configuration from file
>>>>[ctest_core] The single ctest PASS
>>>>[ctest_core] total time: 8.370948314666748 seconds
yuanfei2@fa22-cs527-051:~/IDoCT/run_ctest$ python3 run_single_ctest.py org.apache.hadoop.yarn.client.TestClientRMProxy#testGetRMDelegationTokenService hadoop.security.dns.log-slow-lookups.threshold.ms=1000s
>>>>[ctest_core] loading mapping ../generate_mapping/results/hadoop-yarn-common/param_unset_getter_map.json
>>>>[ctest_core] loading mapping ../generate_mapping/results/hadoop-yarn-common/param_unset_getter_map.json
>>>>[ctest_core] running project hadoop-yarn-common
>>>>[ctest_core] # parameters associated with the run: 1
>>>>[ctest_core] start running ctests for 1 parameters
>>>>[ctest_core] splitting into 1 ctest group
>>>>[ctest_core] group 0, tested_params: hadoop.security.dns.log-slow-lookups.threshold.ms, group size: 1
>>>>[ctest_core] injecting hadoop.security.dns.log-slow-lookups.threshold.ms with value 1000s
>>>>[ctest_core] injecting into file: /home/yuanfei2/IDoCT/run_ctest/../../hadoop/hadoop-yarn-project/hadoop-yarn/hadoop-yarn-common/target/classes/core-ctest.xml
>>>>[ctest_core] running group 0 where 1 params shares 1 ctests
>>>>[ctest_core] chdir to /home/yuanfei2/IDoCT/run_ctest/../../hadoop/hadoop-yarn-project/hadoop-yarn/hadoop-yarn-common
>>>>[ctest_core] command: mvn surefire:test -Dtest=org.apache.hadoop.yarn.client.TestClientRMProxy#testGetRMDelegationTokenService,
>>>>[ctest_core] chdir to /home/yuanfei2/IDoCT/run_ctest/run_ctest
[INFO] Scanning for projects...
[WARNING] 
[WARNING] Some problems were encountered while building the effective model for org.apache.hadoop:hadoop-yarn-common:jar:3.4.0-SNAPSHOT
[WARNING] 'build.plugins.plugin.(groupId:artifactId)' must be unique but found duplicate declaration of plugin org.apache.maven.plugins:maven-surefire-plugin @ org.apache.hadoop:hadoop-yarn:3.4.0-SNAPSHOT, /home/yuanfei2/hadoop/hadoop-yarn-project/hadoop-yarn/pom.xml, line 78, column 15
[WARNING] 
[WARNING] It is highly recommended to fix these problems because they threaten the stability of your build.
[WARNING] 
[WARNING] For this reason, future Maven versions might no longer support building such malformed projects.
[WARNING] 
[INFO] ------------------------------------------------------------------------
[INFO] Detecting the operating system and CPU architecture
[INFO] ------------------------------------------------------------------------
[INFO] os.detected.name: linux
[INFO] os.detected.arch: x86_64
[INFO] os.detected.bitness: 64
[INFO] os.detected.version: 5.4
[INFO] os.detected.version.major: 5
[INFO] os.detected.version.minor: 4
[INFO] os.detected.release: ubuntu
[INFO] os.detected.release.version: 20.04
[INFO] os.detected.release.like.ubuntu: true
[INFO] os.detected.release.like.debian: true
[INFO] os.detected.classifier: linux-x86_64
[INFO] 
[INFO] ----------------< org.apache.hadoop:hadoop-yarn-common >----------------
[INFO] Building Apache Hadoop YARN Common 3.4.0-SNAPSHOT
[INFO] --------------------------------[ jar ]---------------------------------
[INFO] 
[INFO] --- maven-surefire-plugin:3.0.0-M4:test (default-cli) @ hadoop-yarn-common ---
[INFO] 
[INFO] -------------------------------------------------------
[INFO]  T E S T S
[INFO] -------------------------------------------------------
[INFO] Running org.apache.hadoop.yarn.client.TestClientRMProxy
[INFO] Tests run: 1, Failures: 0, Errors: 0, Skipped: 0, Time elapsed: 1.089 s - in org.apache.hadoop.yarn.client.TestClientRMProxy
[INFO] org.apache.hadoop.yarn.client.TestClientRMProxy.testGetRMDelegationTokenService  Time elapsed: 0.803 s
[INFO] 
[INFO] Results:
[INFO] 
[INFO] Tests run: 1, Failures: 0, Errors: 0, Skipped: 0
[INFO] 
[INFO] ------------------------------------------------------------------------
[INFO] BUILD SUCCESS
[INFO] ------------------------------------------------------------------------
[INFO] Total time:  7.858 s
[INFO] Finished at: 2022-11-03T17:50:47-05:00
[INFO] ------------------------------------------------------------------------

>>>>[ctest_core] surefire report path: /home/yuanfei2/IDoCT/run_ctest/../../hadoop/hadoop-yarn-project/hadoop-yarn/hadoop-yarn-common/target/surefire-reports/TEST-org.apache.hadoop.yarn.client.TestClientRMProxy.xml
>>>>[ctest_core] test class outcome: {'{http://www.w3.org/2001/XMLSchema-instance}noNamespaceSchemaLocation': 'https://maven.apache.org/surefire/maven-surefire-plugin/xsd/surefire-test-report-3.0.xsd', 'version': '3.0', 'name': 'org.apache.hadoop.yarn.client.TestClientRMProxy', 'time': '1.089', 'tests': '1', 'errors': '0', 'skipped': '0', 'failures': '0'}
>>>>[ctest_core] unit test outcome: {'name': 'testGetRMDelegationTokenService', 'classname': 'org.apache.hadoop.yarn.client.TestClientRMProxy', 'time': '0.803'}
>>>>[ctest_core] result to be return:
org.apache.hadoop.yarn.client.TestClientRMProxy#testGetRMDelegationTokenService with running time 0.803 passed
>>>>[ctest_core] chdir to /home/yuanfei2/IDoCT/run_ctest/run_ctest
>>>>[ctest_core] python-timed for running config file: 10.262407302856445
>>>> cleaning injected configuration from file
>>>>[ctest_core] The single ctest PASS
>>>>[ctest_core] total time: 10.263408184051514 seconds