yuanfei2@fa22-cs527-051:~/IDoCT/run_ctest$ python3 run_single_ctest.py org.apache.hadoop.tools.util.TestDistCpUtilsWithCombineMode#testChecksumsComparisonWithCombineMode hadoop.security.token.service.use_ip=
>>>>[ctest_core] loading mapping ../generate_mapping/results/hadoop-distcp/param_unset_getter_map.json
>>>>[ctest_core] loading mapping ../generate_mapping/results/hadoop-distcp/param_unset_getter_map.json
>>>>[ctest_core] running project hadoop-distcp
>>>>[ctest_core] # parameters associated with the run: 1
>>>>[ctest_core] start running ctests for 1 parameters
>>>>[ctest_core] splitting into 1 ctest group
>>>>[ctest_core] group 0, tested_params: hadoop.security.token.service.use_ip, group size: 1
>>>>[ctest_core] injecting hadoop.security.token.service.use_ip with value 
>>>>[ctest_core] injecting into file: /home/yuanfei2/IDoCT/run_ctest/../../hadoop/hadoop-common-project/hadoop-common/target/classes/core-ctest.xml
>>>>[ctest_core] running group 0 where 1 params shares 1 ctests
>>>>[ctest_core] chdir to /home/yuanfei2/IDoCT/run_ctest/../../hadoop/hadoop-tools/hadoop-distcp
>>>>[ctest_core] command: mvn surefire:test -Dtest=org.apache.hadoop.tools.util.TestDistCpUtilsWithCombineMode#testChecksumsComparisonWithCombineMode,
>>>>[ctest_core] chdir to /home/yuanfei2/IDoCT/run_ctest/run_ctest
[INFO] Scanning for projects...
[INFO] ------------------------------------------------------------------------
[INFO] Detecting the operating system and CPU architecture
[INFO] ------------------------------------------------------------------------
[INFO] os.detected.name: linux
[INFO] os.detected.arch: x86_64
[INFO] os.detected.bitness: 64
[INFO] os.detected.version: 5.4
[INFO] os.detected.version.major: 5
[INFO] os.detected.version.minor: 4
[INFO] os.detected.release: ubuntu
[INFO] os.detected.release.version: 20.04
[INFO] os.detected.release.like.ubuntu: true
[INFO] os.detected.release.like.debian: true
[INFO] os.detected.classifier: linux-x86_64
[INFO] 
[INFO] ------------------< org.apache.hadoop:hadoop-distcp >-------------------
[INFO] Building Apache Hadoop Distributed Copy 3.4.0-SNAPSHOT
[INFO] --------------------------------[ jar ]---------------------------------
[WARNING] The POM for org.apache.hadoop:hadoop-yarn-server-common:jar:3.4.0-20221102.081711-1729 is invalid, transitive dependencies (if any) will not be available, enable debug logging for more details
[WARNING] The POM for org.apache.hadoop:hadoop-mapreduce-client-jobclient:jar:3.4.0-20221102.081711-1729 is invalid, transitive dependencies (if any) will not be available, enable debug logging for more details
[WARNING] The POM for org.apache.hadoop:hadoop-mapreduce-client-jobclient:jar:tests:3.4.0-20221102.081711-1729 is invalid, transitive dependencies (if any) will not be available, enable debug logging for more details
[INFO] 
[INFO] --- maven-surefire-plugin:3.0.0-M4:test (default-cli) @ hadoop-distcp ---
[INFO] 
[INFO] -------------------------------------------------------
[INFO]  T E S T S
[INFO] -------------------------------------------------------
[INFO] Running org.apache.hadoop.tools.util.TestDistCpUtilsWithCombineMode
[INFO] Tests run: 1, Failures: 0, Errors: 0, Skipped: 0, Time elapsed: 4.913 s - in org.apache.hadoop.tools.util.TestDistCpUtilsWithCombineMode
[INFO] org.apache.hadoop.tools.util.TestDistCpUtilsWithCombineMode.testChecksumsComparisonWithCombineMode  Time elapsed: 4.809 s
[INFO] 
[INFO] Results:
[INFO] 
[INFO] Tests run: 1, Failures: 0, Errors: 0, Skipped: 0
[INFO] 
[INFO] ------------------------------------------------------------------------
[INFO] BUILD SUCCESS
[INFO] ------------------------------------------------------------------------
[INFO] Total time:  7.785 s
[INFO] Finished at: 2022-11-03T18:43:28-05:00
[INFO] ------------------------------------------------------------------------

>>>>[ctest_core] surefire report path: /home/yuanfei2/IDoCT/run_ctest/../../hadoop/hadoop-tools/hadoop-distcp/target/surefire-reports/TEST-org.apache.hadoop.tools.util.TestDistCpUtilsWithCombineMode.xml
>>>>[ctest_core] test class outcome: {'{http://www.w3.org/2001/XMLSchema-instance}noNamespaceSchemaLocation': 'https://maven.apache.org/surefire/maven-surefire-plugin/xsd/surefire-test-report-3.0.xsd', 'version': '3.0', 'name': 'org.apache.hadoop.tools.util.TestDistCpUtilsWithCombineMode', 'time': '4.913', 'tests': '1', 'errors': '0', 'skipped': '0', 'failures': '0'}
>>>>[ctest_core] unit test outcome: {'name': 'testChecksumsComparisonWithCombineMode', 'classname': 'org.apache.hadoop.tools.util.TestDistCpUtilsWithCombineMode', 'time': '4.809'}
>>>>[ctest_core] result to be return:
org.apache.hadoop.tools.util.TestDistCpUtilsWithCombineMode#testChecksumsComparisonWithCombineMode with running time 4.809 passed
>>>>[ctest_core] chdir to /home/yuanfei2/IDoCT/run_ctest/run_ctest
>>>>[ctest_core] python-timed for running config file: 8.908897399902344
>>>> cleaning injected configuration from file
>>>>[ctest_core] The single ctest PASS
>>>>[ctest_core] total time: 8.909772634506226 seconds
yuanfei2@fa22-cs527-051:~/IDoCT/run_ctest$ python3 run_single_ctest.py org.apache.hadoop.tools.util.TestDistCpUtilsWithCombineMode#testChecksumsComparisonWithCombineMode hadoop.security.token.service.use_ip=true
>>>>[ctest_core] loading mapping ../generate_mapping/results/hadoop-distcp/param_unset_getter_map.json
>>>>[ctest_core] loading mapping ../generate_mapping/results/hadoop-distcp/param_unset_getter_map.json
>>>>[ctest_core] running project hadoop-distcp
>>>>[ctest_core] # parameters associated with the run: 1
>>>>[ctest_core] start running ctests for 1 parameters
>>>>[ctest_core] splitting into 1 ctest group
>>>>[ctest_core] group 0, tested_params: hadoop.security.token.service.use_ip, group size: 1
>>>>[ctest_core] injecting hadoop.security.token.service.use_ip with value true
>>>>[ctest_core] injecting into file: /home/yuanfei2/IDoCT/run_ctest/../../hadoop/hadoop-common-project/hadoop-common/target/classes/core-ctest.xml
>>>>[ctest_core] running group 0 where 1 params shares 1 ctests
>>>>[ctest_core] chdir to /home/yuanfei2/IDoCT/run_ctest/../../hadoop/hadoop-tools/hadoop-distcp
>>>>[ctest_core] command: mvn surefire:test -Dtest=org.apache.hadoop.tools.util.TestDistCpUtilsWithCombineMode#testChecksumsComparisonWithCombineMode,
>>>>[ctest_core] chdir to /home/yuanfei2/IDoCT/run_ctest/run_ctest
[INFO] Scanning for projects...
[INFO] ------------------------------------------------------------------------
[INFO] Detecting the operating system and CPU architecture
[INFO] ------------------------------------------------------------------------
[INFO] os.detected.name: linux
[INFO] os.detected.arch: x86_64
[INFO] os.detected.bitness: 64
[INFO] os.detected.version: 5.4
[INFO] os.detected.version.major: 5
[INFO] os.detected.version.minor: 4
[INFO] os.detected.release: ubuntu
[INFO] os.detected.release.version: 20.04
[INFO] os.detected.release.like.ubuntu: true
[INFO] os.detected.release.like.debian: true
[INFO] os.detected.classifier: linux-x86_64
[INFO] 
[INFO] ------------------< org.apache.hadoop:hadoop-distcp >-------------------
[INFO] Building Apache Hadoop Distributed Copy 3.4.0-SNAPSHOT
[INFO] --------------------------------[ jar ]---------------------------------
[WARNING] The POM for org.apache.hadoop:hadoop-yarn-server-common:jar:3.4.0-20221102.081711-1729 is invalid, transitive dependencies (if any) will not be available, enable debug logging for more details
[WARNING] The POM for org.apache.hadoop:hadoop-mapreduce-client-jobclient:jar:3.4.0-20221102.081711-1729 is invalid, transitive dependencies (if any) will not be available, enable debug logging for more details
[WARNING] The POM for org.apache.hadoop:hadoop-mapreduce-client-jobclient:jar:tests:3.4.0-20221102.081711-1729 is invalid, transitive dependencies (if any) will not be available, enable debug logging for more details
[INFO] 
[INFO] --- maven-surefire-plugin:3.0.0-M4:test (default-cli) @ hadoop-distcp ---
[INFO] 
[INFO] -------------------------------------------------------
[INFO]  T E S T S
[INFO] -------------------------------------------------------
[INFO] Running org.apache.hadoop.tools.util.TestDistCpUtilsWithCombineMode
[INFO] Tests run: 1, Failures: 0, Errors: 0, Skipped: 0, Time elapsed: 5.273 s - in org.apache.hadoop.tools.util.TestDistCpUtilsWithCombineMode
[INFO] org.apache.hadoop.tools.util.TestDistCpUtilsWithCombineMode.testChecksumsComparisonWithCombineMode  Time elapsed: 5.147 s
[INFO] 
[INFO] Results:
[INFO] 
[INFO] Tests run: 1, Failures: 0, Errors: 0, Skipped: 0
[INFO] 
[INFO] ------------------------------------------------------------------------
[INFO] BUILD SUCCESS
[INFO] ------------------------------------------------------------------------
[INFO] Total time:  8.269 s
[INFO] Finished at: 2022-11-03T18:43:39-05:00
[INFO] ------------------------------------------------------------------------

>>>>[ctest_core] surefire report path: /home/yuanfei2/IDoCT/run_ctest/../../hadoop/hadoop-tools/hadoop-distcp/target/surefire-reports/TEST-org.apache.hadoop.tools.util.TestDistCpUtilsWithCombineMode.xml
>>>>[ctest_core] test class outcome: {'{http://www.w3.org/2001/XMLSchema-instance}noNamespaceSchemaLocation': 'https://maven.apache.org/surefire/maven-surefire-plugin/xsd/surefire-test-report-3.0.xsd', 'version': '3.0', 'name': 'org.apache.hadoop.tools.util.TestDistCpUtilsWithCombineMode', 'time': '5.273', 'tests': '1', 'errors': '0', 'skipped': '0', 'failures': '0'}
>>>>[ctest_core] unit test outcome: {'name': 'testChecksumsComparisonWithCombineMode', 'classname': 'org.apache.hadoop.tools.util.TestDistCpUtilsWithCombineMode', 'time': '5.147'}
>>>>[ctest_core] result to be return:
org.apache.hadoop.tools.util.TestDistCpUtilsWithCombineMode#testChecksumsComparisonWithCombineMode with running time 5.147 passed
>>>>[ctest_core] chdir to /home/yuanfei2/IDoCT/run_ctest/run_ctest
>>>>[ctest_core] python-timed for running config file: 9.565923929214478
>>>> cleaning injected configuration from file
>>>>[ctest_core] The single ctest PASS
>>>>[ctest_core] total time: 9.56664490699768 seconds
yuanfei2@fa22-cs527-051:~/IDoCT/run_ctest$ python3 run_single_ctest.py org.apache.hadoop.tools.util.TestDistCpUtilsWithCombineMode#testChecksumsComparisonWithCombineMode hadoop.security.token.service.use_ip=false
>>>>[ctest_core] loading mapping ../generate_mapping/results/hadoop-distcp/param_unset_getter_map.json
>>>>[ctest_core] loading mapping ../generate_mapping/results/hadoop-distcp/param_unset_getter_map.json
>>>>[ctest_core] running project hadoop-distcp
>>>>[ctest_core] # parameters associated with the run: 1
>>>>[ctest_core] start running ctests for 1 parameters
>>>>[ctest_core] splitting into 1 ctest group
>>>>[ctest_core] group 0, tested_params: hadoop.security.token.service.use_ip, group size: 1
>>>>[ctest_core] injecting hadoop.security.token.service.use_ip with value false
>>>>[ctest_core] injecting into file: /home/yuanfei2/IDoCT/run_ctest/../../hadoop/hadoop-common-project/hadoop-common/target/classes/core-ctest.xml
>>>>[ctest_core] running group 0 where 1 params shares 1 ctests
>>>>[ctest_core] chdir to /home/yuanfei2/IDoCT/run_ctest/../../hadoop/hadoop-tools/hadoop-distcp
>>>>[ctest_core] command: mvn surefire:test -Dtest=org.apache.hadoop.tools.util.TestDistCpUtilsWithCombineMode#testChecksumsComparisonWithCombineMode,
>>>>[ctest_core] chdir to /home/yuanfei2/IDoCT/run_ctest/run_ctest
[INFO] Scanning for projects...
[INFO] ------------------------------------------------------------------------
[INFO] Detecting the operating system and CPU architecture
[INFO] ------------------------------------------------------------------------
[INFO] os.detected.name: linux
[INFO] os.detected.arch: x86_64
[INFO] os.detected.bitness: 64
[INFO] os.detected.version: 5.4
[INFO] os.detected.version.major: 5
[INFO] os.detected.version.minor: 4
[INFO] os.detected.release: ubuntu
[INFO] os.detected.release.version: 20.04
[INFO] os.detected.release.like.ubuntu: true
[INFO] os.detected.release.like.debian: true
[INFO] os.detected.classifier: linux-x86_64
[INFO] 
[INFO] ------------------< org.apache.hadoop:hadoop-distcp >-------------------
[INFO] Building Apache Hadoop Distributed Copy 3.4.0-SNAPSHOT
[INFO] --------------------------------[ jar ]---------------------------------
[WARNING] The POM for org.apache.hadoop:hadoop-yarn-server-common:jar:3.4.0-20221102.081711-1729 is invalid, transitive dependencies (if any) will not be available, enable debug logging for more details
[WARNING] The POM for org.apache.hadoop:hadoop-mapreduce-client-jobclient:jar:3.4.0-20221102.081711-1729 is invalid, transitive dependencies (if any) will not be available, enable debug logging for more details
[WARNING] The POM for org.apache.hadoop:hadoop-mapreduce-client-jobclient:jar:tests:3.4.0-20221102.081711-1729 is invalid, transitive dependencies (if any) will not be available, enable debug logging for more details
[INFO] 
[INFO] --- maven-surefire-plugin:3.0.0-M4:test (default-cli) @ hadoop-distcp ---
[INFO] 
[INFO] -------------------------------------------------------
[INFO]  T E S T S
[INFO] -------------------------------------------------------
[INFO] Running org.apache.hadoop.tools.util.TestDistCpUtilsWithCombineMode
[INFO] Tests run: 1, Failures: 0, Errors: 0, Skipped: 0, Time elapsed: 4.798 s - in org.apache.hadoop.tools.util.TestDistCpUtilsWithCombineMode
[INFO] org.apache.hadoop.tools.util.TestDistCpUtilsWithCombineMode.testChecksumsComparisonWithCombineMode  Time elapsed: 4.722 s
[INFO] 
[INFO] Results:
[INFO] 
[INFO] Tests run: 1, Failures: 0, Errors: 0, Skipped: 0
[INFO] 
[INFO] ------------------------------------------------------------------------
[INFO] BUILD SUCCESS
[INFO] ------------------------------------------------------------------------
[INFO] Total time:  7.805 s
[INFO] Finished at: 2022-11-03T18:43:52-05:00
[INFO] ------------------------------------------------------------------------

>>>>[ctest_core] surefire report path: /home/yuanfei2/IDoCT/run_ctest/../../hadoop/hadoop-tools/hadoop-distcp/target/surefire-reports/TEST-org.apache.hadoop.tools.util.TestDistCpUtilsWithCombineMode.xml
>>>>[ctest_core] test class outcome: {'{http://www.w3.org/2001/XMLSchema-instance}noNamespaceSchemaLocation': 'https://maven.apache.org/surefire/maven-surefire-plugin/xsd/surefire-test-report-3.0.xsd', 'version': '3.0', 'name': 'org.apache.hadoop.tools.util.TestDistCpUtilsWithCombineMode', 'time': '4.798', 'tests': '1', 'errors': '0', 'skipped': '0', 'failures': '0'}
>>>>[ctest_core] unit test outcome: {'name': 'testChecksumsComparisonWithCombineMode', 'classname': 'org.apache.hadoop.tools.util.TestDistCpUtilsWithCombineMode', 'time': '4.722'}
>>>>[ctest_core] result to be return:
org.apache.hadoop.tools.util.TestDistCpUtilsWithCombineMode#testChecksumsComparisonWithCombineMode with running time 4.722 passed
>>>>[ctest_core] chdir to /home/yuanfei2/IDoCT/run_ctest/run_ctest
>>>>[ctest_core] python-timed for running config file: 9.165318965911865
>>>> cleaning injected configuration from file
>>>>[ctest_core] The single ctest PASS
>>>>[ctest_core] total time: 9.165797472000122 seconds
yuanfei2@fa22-cs527-051:~/IDoCT/run_ctest$ python3 run_single_ctest.py org.apache.hadoop.tools.util.TestDistCpUtilsWithCombineMode#testChecksumsComparisonWithCombineMode hadoop.security.token.service.use_ip=-999
>>>>[ctest_core] loading mapping ../generate_mapping/results/hadoop-distcp/param_unset_getter_map.json
>>>>[ctest_core] loading mapping ../generate_mapping/results/hadoop-distcp/param_unset_getter_map.json
>>>>[ctest_core] running project hadoop-distcp
>>>>[ctest_core] # parameters associated with the run: 1
>>>>[ctest_core] start running ctests for 1 parameters
>>>>[ctest_core] splitting into 1 ctest group
>>>>[ctest_core] group 0, tested_params: hadoop.security.token.service.use_ip, group size: 1
>>>>[ctest_core] injecting hadoop.security.token.service.use_ip with value -999
>>>>[ctest_core] injecting into file: /home/yuanfei2/IDoCT/run_ctest/../../hadoop/hadoop-common-project/hadoop-common/target/classes/core-ctest.xml
>>>>[ctest_core] running group 0 where 1 params shares 1 ctests
>>>>[ctest_core] chdir to /home/yuanfei2/IDoCT/run_ctest/../../hadoop/hadoop-tools/hadoop-distcp
>>>>[ctest_core] command: mvn surefire:test -Dtest=org.apache.hadoop.tools.util.TestDistCpUtilsWithCombineMode#testChecksumsComparisonWithCombineMode,
>>>>[ctest_core] chdir to /home/yuanfei2/IDoCT/run_ctest/run_ctest
[INFO] Scanning for projects...
[INFO] ------------------------------------------------------------------------
[INFO] Detecting the operating system and CPU architecture
[INFO] ------------------------------------------------------------------------
[INFO] os.detected.name: linux
[INFO] os.detected.arch: x86_64
[INFO] os.detected.bitness: 64
[INFO] os.detected.version: 5.4
[INFO] os.detected.version.major: 5
[INFO] os.detected.version.minor: 4
[INFO] os.detected.release: ubuntu
[INFO] os.detected.release.version: 20.04
[INFO] os.detected.release.like.ubuntu: true
[INFO] os.detected.release.like.debian: true
[INFO] os.detected.classifier: linux-x86_64
[INFO] 
[INFO] ------------------< org.apache.hadoop:hadoop-distcp >-------------------
[INFO] Building Apache Hadoop Distributed Copy 3.4.0-SNAPSHOT
[INFO] --------------------------------[ jar ]---------------------------------
[WARNING] The POM for org.apache.hadoop:hadoop-yarn-server-common:jar:3.4.0-20221102.081711-1729 is invalid, transitive dependencies (if any) will not be available, enable debug logging for more details
[WARNING] The POM for org.apache.hadoop:hadoop-mapreduce-client-jobclient:jar:3.4.0-20221102.081711-1729 is invalid, transitive dependencies (if any) will not be available, enable debug logging for more details
[WARNING] The POM for org.apache.hadoop:hadoop-mapreduce-client-jobclient:jar:tests:3.4.0-20221102.081711-1729 is invalid, transitive dependencies (if any) will not be available, enable debug logging for more details
[INFO] 
[INFO] --- maven-surefire-plugin:3.0.0-M4:test (default-cli) @ hadoop-distcp ---
[INFO] 
[INFO] -------------------------------------------------------
[INFO]  T E S T S
[INFO] -------------------------------------------------------
[INFO] Running org.apache.hadoop.tools.util.TestDistCpUtilsWithCombineMode
[INFO] Tests run: 1, Failures: 0, Errors: 0, Skipped: 0, Time elapsed: 4.847 s - in org.apache.hadoop.tools.util.TestDistCpUtilsWithCombineMode
[INFO] org.apache.hadoop.tools.util.TestDistCpUtilsWithCombineMode.testChecksumsComparisonWithCombineMode  Time elapsed: 4.792 s
[INFO] 
[INFO] Results:
[INFO] 
[INFO] Tests run: 1, Failures: 0, Errors: 0, Skipped: 0
[INFO] 
[INFO] ------------------------------------------------------------------------
[INFO] BUILD SUCCESS
[INFO] ------------------------------------------------------------------------
[INFO] Total time:  7.789 s
[INFO] Finished at: 2022-11-03T18:44:07-05:00
[INFO] ------------------------------------------------------------------------

>>>>[ctest_core] surefire report path: /home/yuanfei2/IDoCT/run_ctest/../../hadoop/hadoop-tools/hadoop-distcp/target/surefire-reports/TEST-org.apache.hadoop.tools.util.TestDistCpUtilsWithCombineMode.xml
>>>>[ctest_core] test class outcome: {'{http://www.w3.org/2001/XMLSchema-instance}noNamespaceSchemaLocation': 'https://maven.apache.org/surefire/maven-surefire-plugin/xsd/surefire-test-report-3.0.xsd', 'version': '3.0', 'name': 'org.apache.hadoop.tools.util.TestDistCpUtilsWithCombineMode', 'time': '4.847', 'tests': '1', 'errors': '0', 'skipped': '0', 'failures': '0'}
>>>>[ctest_core] unit test outcome: {'name': 'testChecksumsComparisonWithCombineMode', 'classname': 'org.apache.hadoop.tools.util.TestDistCpUtilsWithCombineMode', 'time': '4.792'}
>>>>[ctest_core] result to be return:
org.apache.hadoop.tools.util.TestDistCpUtilsWithCombineMode#testChecksumsComparisonWithCombineMode with running time 4.792 passed
>>>>[ctest_core] chdir to /home/yuanfei2/IDoCT/run_ctest/run_ctest
>>>>[ctest_core] python-timed for running config file: 9.143662452697754
>>>> cleaning injected configuration from file
>>>>[ctest_core] The single ctest PASS
>>>>[ctest_core] total time: 9.14407205581665 seconds
yuanfei2@fa22-cs527-051:~/IDoCT/run_ctest$ 